2024-06-15 06:11:57,623 - log - ERROR -                 BD        SD  PZT  Unnamed: 4
time(s)                                      
0.0       0.000000   0.00000    0         NaN
0.1       5.698540   5.69854    0         NaN
0.2       1.586860  12.98390    0         NaN
0.3       0.085037  14.65580    0         NaN
0.4       0.010584  14.75150    0         NaN
...            ...       ...  ...         ...
81.5     13.675900  36.76530    0         NaN
81.6      0.192336  50.33250    0         NaN
81.7      4.982850  54.38430    0         NaN
81.8     11.429600  68.74640    0         NaN
81.9      6.393430  85.30510    0         NaN

[820 rows x 4 columns]
2024-06-18 09:17:38,649 - log - ERROR -               b        bd     x     y  z  Unnamed: 6
sn                                                  
0.0    0.000000   0.00000  0.00  0.00  0         NaN
0.1    0.010110   0.01011  0.05  0.05  0         NaN
0.2    6.347230   6.36745  0.10  0.10  0         NaN
0.3    4.195620  16.91030  0.15  0.15  0         NaN
0.4    0.000000  21.10590  0.20  0.20  0         NaN
...         ...       ...   ...   ... ..         ...
206.2  0.350693  18.41510  1.50  1.50  0         NaN
206.3  0.000000  17.29500  1.50  1.50  0         NaN
206.4  1.756240  18.82330  1.50  1.50  0         NaN
206.5  0.010803  18.91200  1.50  1.50  0         NaN
206.6  0.874051  18.11410  1.50  1.50  0         NaN

[2067 rows x 6 columns]
2024-06-18 09:18:33,323 - log - ERROR -               b        bd     x     y  z  Unnamed: 6
sn                                                  
0.0    0.000000   0.00000  0.00  0.00  0         NaN
0.1    0.010110   0.01011  0.05  0.05  0         NaN
0.2    6.347230   6.36745  0.10  0.10  0         NaN
0.3    4.195620  16.91030  0.15  0.15  0         NaN
0.4    0.000000  21.10590  0.20  0.20  0         NaN
...         ...       ...   ...   ... ..         ...
206.2  0.350693  18.41510  1.50  1.50  0         NaN
206.3  0.000000  17.29500  1.50  1.50  0         NaN
206.4  1.756240  18.82330  1.50  1.50  0         NaN
206.5  0.010803  18.91200  1.50  1.50  0         NaN
206.6  0.874051  18.11410  1.50  1.50  0         NaN

[2067 rows x 6 columns]
2024-06-18 09:18:43,570 - log - ERROR -               b        bd     x     y  z  Unnamed: 6
sn                                                  
0.0    0.000000   0.00000  0.00  0.00  0         NaN
0.1    0.010110   0.01011  0.05  0.05  0         NaN
0.2    6.347230   6.36745  0.10  0.10  0         NaN
0.3    4.195620  16.91030  0.15  0.15  0         NaN
0.4    0.000000  21.10590  0.20  0.20  0         NaN
...         ...       ...   ...   ... ..         ...
206.2  0.350693  18.41510  1.50  1.50  0         NaN
206.3  0.000000  17.29500  1.50  1.50  0         NaN
206.4  1.756240  18.82330  1.50  1.50  0         NaN
206.5  0.010803  18.91200  1.50  1.50  0         NaN
206.6  0.874051  18.11410  1.50  1.50  0         NaN

[2067 rows x 6 columns]
