2024-11-14 10:17:39,984 - tools - INFO - find_json_value: reso into json/input_values.json is 0.005
2024-11-14 10:17:39,986 - tools - INFO - find_json_value: anglr_ into json/input_values.json is 45.0
2024-11-14 10:17:39,987 - tools - INFO - find_json_value: steps into json/input_values.json is 450.0
2024-11-14 10:17:39,988 - tools - INFO - find_json_value: coil_radius into json/input_values.json is None
2024-11-14 10:17:39,988 - tools - INFO - find_json_value: base_h into json/input_values.json is 2.0
2024-11-14 10:17:39,989 - tools - INFO - find_json_value: total_h into json/input_values.json is 5.0
2024-11-14 10:29:32,656 - tools - INFO - find_json_value: reso into json/input_values.json is 0.005
2024-11-14 10:29:32,657 - tools - INFO - find_json_value: anglr_ into json/input_values.json is 45.0
2024-11-14 10:29:32,657 - tools - INFO - find_json_value: steps into json/input_values.json is 450.0
2024-11-14 10:29:32,657 - tools - INFO - find_json_value: coil_radius into json/input_values.json is None
2024-11-14 10:29:32,658 - tools - INFO - find_json_value: base_h into json/input_values.json is 2.0
2024-11-14 10:29:32,658 - tools - INFO - find_json_value: total_h into json/input_values.json is 5.0
2024-11-14 10:29:43,835 - tools - INFO - {'anglr_': 30.0, 'steps': 450.0, 'base_h': 2.0, 'total_h': 5.0, 'reso': 0.005} is saved in json/input_values.json as JSON successfully.
2024-11-14 10:29:43,835 - tools - INFO - Key=anglr_,And Value=30.0 is updated into json/input_values.json
2024-11-14 10:29:44,346 - tools - INFO - {'anglr_': 30.0, 'steps': 400.0, 'base_h': 2.0, 'total_h': 5.0, 'reso': 0.005} is saved in json/input_values.json as JSON successfully.
2024-11-14 10:29:44,346 - tools - INFO - Key=steps,And Value=400.0 is updated into json/input_values.json
2024-11-14 10:29:45,454 - tools - INFO - find_json_value: steps into json/input_values.json is 400.0
2024-11-14 10:29:45,454 - tools - INFO - find_json_value: anglr_ into json/input_values.json is 30.0
2024-11-14 10:29:45,454 - tools - INFO - find_json_value: base_h into json/input_values.json is 2.0
2024-11-14 10:29:45,455 - tools - INFO - find_json_value: total_h into json/input_values.json is 5.0
2024-11-14 10:29:45,455 - tools - INFO - find_json_value: selected_file into json/input_values.json is None
2024-11-14 10:29:45,460 - tools - INFO - find_json_value: anglr_ into json/input_values.json is 30.0
2024-11-14 10:29:50,825 - tools - INFO - find_json_value: steps into json/input_values.json is 400.0
2024-11-14 10:29:50,826 - tools - INFO - find_json_value: anglr_ into json/input_values.json is 30.0
2024-11-14 10:29:50,826 - tools - INFO - find_json_value: base_h into json/input_values.json is 2.0
2024-11-14 10:29:50,826 - tools - INFO - find_json_value: total_h into json/input_values.json is 5.0
2024-11-14 10:29:50,827 - tools - INFO - find_json_value: selected_file into json/input_values.json is None
