2024-11-13 12:58:36,759 - tools - INFO - find_json_value: reso into json/input_values.json is 0.005
2024-11-13 12:58:36,760 - tools - INFO - find_json_value: anglr_ into json/input_values.json is 60.0
2024-11-13 12:58:36,760 - tools - INFO - find_json_value: steps into json/input_values.json is 500.0
2024-11-13 12:58:36,760 - tools - INFO - find_json_value: coil_radius into json/input_values.json is None
2024-11-13 12:58:36,761 - tools - INFO - find_json_value: base_h into json/input_values.json is 2.0
2024-11-13 12:58:36,761 - tools - INFO - find_json_value: total_h into json/input_values.json is 5.0
2024-11-13 12:58:56,989 - tools - INFO - {'anglr_': 30.0, 'steps': 500.0, 'base_h': 2.0, 'total_h': 5.0, 'reso': 0.005} is saved in json/input_values.json as JSON successfully.
2024-11-13 12:58:56,989 - tools - INFO - Key=anglr_,And Value=30.0 is updated into json/input_values.json
2024-11-13 12:58:58,409 - tools - INFO - find_json_value: steps into json/input_values.json is 500.0
2024-11-13 12:58:58,409 - tools - INFO - find_json_value: anglr_ into json/input_values.json is 30.0
2024-11-13 12:58:58,409 - tools - INFO - find_json_value: base_h into json/input_values.json is 2.0
2024-11-13 12:58:58,410 - tools - INFO - find_json_value: total_h into json/input_values.json is 5.0
2024-11-13 12:58:58,410 - tools - INFO - find_json_value: selected_file into json/input_values.json is None
2024-11-13 12:58:58,417 - tools - INFO - find_json_value: anglr_ into json/input_values.json is 30.0
2024-11-13 12:59:05,618 - tools - INFO - find_json_value: steps into json/input_values.json is 500.0
2024-11-13 12:59:05,618 - tools - INFO - find_json_value: anglr_ into json/input_values.json is 30.0
2024-11-13 12:59:05,618 - tools - INFO - find_json_value: base_h into json/input_values.json is 2.0
2024-11-13 12:59:05,619 - tools - INFO - find_json_value: total_h into json/input_values.json is 5.0
2024-11-13 12:59:05,619 - tools - INFO - find_json_value: selected_file into json/input_values.json is None
2024-11-13 13:12:30,177 - tools - INFO - find_json_value: reso into json/input_values.json is 0.005
2024-11-13 13:12:30,178 - tools - INFO - find_json_value: anglr_ into json/input_values.json is 30.0
2024-11-13 13:12:30,178 - tools - INFO - find_json_value: steps into json/input_values.json is 500.0
2024-11-13 13:12:30,179 - tools - INFO - find_json_value: coil_radius into json/input_values.json is None
2024-11-13 13:12:30,179 - tools - INFO - find_json_value: base_h into json/input_values.json is 2.0
2024-11-13 13:12:30,179 - tools - INFO - find_json_value: total_h into json/input_values.json is 5.0
2024-11-13 13:12:39,223 - tools - INFO - {'anglr_': 45.0, 'steps': 500.0, 'base_h': 2.0, 'total_h': 5.0, 'reso': 0.005} is saved in json/input_values.json as JSON successfully.
2024-11-13 13:12:39,224 - tools - INFO - Key=anglr_,And Value=45.0 is updated into json/input_values.json
2024-11-13 13:12:40,362 - tools - INFO - find_json_value: steps into json/input_values.json is 500.0
2024-11-13 13:12:40,362 - tools - INFO - find_json_value: anglr_ into json/input_values.json is 45.0
2024-11-13 13:12:40,362 - tools - INFO - find_json_value: base_h into json/input_values.json is 2.0
2024-11-13 13:12:40,362 - tools - INFO - find_json_value: total_h into json/input_values.json is 5.0
2024-11-13 13:12:40,362 - tools - INFO - find_json_value: selected_file into json/input_values.json is None
2024-11-13 13:12:40,366 - tools - INFO - find_json_value: anglr_ into json/input_values.json is 45.0
2024-11-13 13:12:50,718 - tools - INFO - find_json_value: steps into json/input_values.json is 500.0
2024-11-13 13:12:50,718 - tools - INFO - find_json_value: anglr_ into json/input_values.json is 45.0
2024-11-13 13:12:50,719 - tools - INFO - find_json_value: base_h into json/input_values.json is 2.0
2024-11-13 13:12:50,719 - tools - INFO - find_json_value: total_h into json/input_values.json is 5.0
2024-11-13 13:12:50,719 - tools - INFO - find_json_value: selected_file into json/input_values.json is None
2024-11-13 13:26:55,249 - tools - INFO - find_json_value: reso into json/input_values.json is 0.005
2024-11-13 13:26:55,250 - tools - INFO - find_json_value: anglr_ into json/input_values.json is 45.0
2024-11-13 13:26:55,250 - tools - INFO - find_json_value: steps into json/input_values.json is 500.0
2024-11-13 13:26:55,250 - tools - INFO - find_json_value: coil_radius into json/input_values.json is None
2024-11-13 13:26:55,251 - tools - INFO - find_json_value: base_h into json/input_values.json is 2.0
2024-11-13 13:26:55,251 - tools - INFO - find_json_value: total_h into json/input_values.json is 5.0
2024-11-13 13:27:08,015 - tools - INFO - {'anglr_': 45.0, 'steps': 450.0, 'base_h': 2.0, 'total_h': 5.0, 'reso': 0.005} is saved in json/input_values.json as JSON successfully.
2024-11-13 13:27:08,015 - tools - INFO - Key=steps,And Value=450.0 is updated into json/input_values.json
2024-11-13 13:27:09,295 - tools - INFO - find_json_value: steps into json/input_values.json is 450.0
2024-11-13 13:27:09,295 - tools - INFO - find_json_value: anglr_ into json/input_values.json is 45.0
2024-11-13 13:27:09,295 - tools - INFO - find_json_value: base_h into json/input_values.json is 2.0
2024-11-13 13:27:09,295 - tools - INFO - find_json_value: total_h into json/input_values.json is 5.0
2024-11-13 13:27:09,295 - tools - INFO - find_json_value: selected_file into json/input_values.json is None
2024-11-13 13:27:09,298 - tools - INFO - find_json_value: anglr_ into json/input_values.json is 45.0
2024-11-13 13:27:15,612 - tools - INFO - find_json_value: steps into json/input_values.json is 450.0
2024-11-13 13:27:15,612 - tools - INFO - find_json_value: anglr_ into json/input_values.json is 45.0
2024-11-13 13:27:15,613 - tools - INFO - find_json_value: base_h into json/input_values.json is 2.0
2024-11-13 13:27:15,613 - tools - INFO - find_json_value: total_h into json/input_values.json is 5.0
2024-11-13 13:27:15,613 - tools - INFO - find_json_value: selected_file into json/input_values.json is None
2024-11-13 13:27:58,057 - tools - INFO - find_json_value: reso into json/input_values.json is 0.005
2024-11-13 13:27:58,058 - tools - INFO - find_json_value: anglr_ into json/input_values.json is 45.0
2024-11-13 13:27:58,058 - tools - INFO - find_json_value: steps into json/input_values.json is 450.0
2024-11-13 13:27:58,060 - tools - INFO - find_json_value: coil_radius into json/input_values.json is None
2024-11-13 13:27:58,060 - tools - INFO - find_json_value: base_h into json/input_values.json is 2.0
2024-11-13 13:27:58,060 - tools - INFO - find_json_value: total_h into json/input_values.json is 5.0
2024-11-13 13:28:05,963 - tools - INFO - {'anglr_': 30.0, 'steps': 450.0, 'base_h': 2.0, 'total_h': 5.0, 'reso': 0.005} is saved in json/input_values.json as JSON successfully.
2024-11-13 13:28:05,963 - tools - INFO - Key=anglr_,And Value=30.0 is updated into json/input_values.json
2024-11-13 13:28:07,418 - tools - INFO - find_json_value: steps into json/input_values.json is 450.0
2024-11-13 13:28:07,418 - tools - INFO - find_json_value: anglr_ into json/input_values.json is 30.0
2024-11-13 13:28:07,418 - tools - INFO - find_json_value: base_h into json/input_values.json is 2.0
2024-11-13 13:28:07,418 - tools - INFO - find_json_value: total_h into json/input_values.json is 5.0
2024-11-13 13:28:07,418 - tools - INFO - find_json_value: selected_file into json/input_values.json is None
2024-11-13 13:28:07,422 - tools - INFO - find_json_value: anglr_ into json/input_values.json is 30.0
2024-11-13 13:28:17,649 - tools - INFO - find_json_value: steps into json/input_values.json is 450.0
2024-11-13 13:28:17,650 - tools - INFO - find_json_value: anglr_ into json/input_values.json is 30.0
2024-11-13 13:28:17,650 - tools - INFO - find_json_value: base_h into json/input_values.json is 2.0
2024-11-13 13:28:17,650 - tools - INFO - find_json_value: total_h into json/input_values.json is 5.0
2024-11-13 13:28:17,651 - tools - INFO - find_json_value: selected_file into json/input_values.json is None
2024-11-13 13:28:20,216 - tools - INFO - find_json_value: steps into json/input_values.json is 450.0
2024-11-13 13:28:20,217 - tools - INFO - find_json_value: anglr_ into json/input_values.json is 30.0
2024-11-13 13:28:20,218 - tools - INFO - find_json_value: base_h into json/input_values.json is 2.0
2024-11-13 13:28:20,218 - tools - INFO - find_json_value: total_h into json/input_values.json is 5.0
2024-11-13 13:28:20,218 - tools - INFO - find_json_value: selected_file into json/input_values.json is None
2024-11-13 13:40:24,750 - tools - INFO - find_json_value: reso into json/input_values.json is 0.005
2024-11-13 13:40:24,750 - tools - INFO - find_json_value: anglr_ into json/input_values.json is 30.0
2024-11-13 13:40:24,751 - tools - INFO - find_json_value: steps into json/input_values.json is 450.0
2024-11-13 13:40:24,751 - tools - INFO - find_json_value: coil_radius into json/input_values.json is None
2024-11-13 13:40:24,751 - tools - INFO - find_json_value: base_h into json/input_values.json is 2.0
2024-11-13 13:40:24,752 - tools - INFO - find_json_value: total_h into json/input_values.json is 5.0
2024-11-13 13:40:33,953 - tools - INFO - {'anglr_': 45.0, 'steps': 450.0, 'base_h': 2.0, 'total_h': 5.0, 'reso': 0.005} is saved in json/input_values.json as JSON successfully.
2024-11-13 13:40:33,953 - tools - INFO - Key=anglr_,And Value=45.0 is updated into json/input_values.json
2024-11-13 13:40:34,969 - tools - INFO - find_json_value: steps into json/input_values.json is 450.0
2024-11-13 13:40:34,969 - tools - INFO - find_json_value: anglr_ into json/input_values.json is 45.0
2024-11-13 13:40:34,970 - tools - INFO - find_json_value: base_h into json/input_values.json is 2.0
2024-11-13 13:40:34,970 - tools - INFO - find_json_value: total_h into json/input_values.json is 5.0
2024-11-13 13:40:34,970 - tools - INFO - find_json_value: selected_file into json/input_values.json is None
2024-11-13 13:40:34,975 - tools - INFO - find_json_value: anglr_ into json/input_values.json is 45.0
2024-11-13 13:40:39,501 - tools - INFO - find_json_value: steps into json/input_values.json is 450.0
2024-11-13 13:40:39,502 - tools - INFO - find_json_value: anglr_ into json/input_values.json is 45.0
2024-11-13 13:40:39,502 - tools - INFO - find_json_value: base_h into json/input_values.json is 2.0
2024-11-13 13:40:39,502 - tools - INFO - find_json_value: total_h into json/input_values.json is 5.0
2024-11-13 13:40:39,503 - tools - INFO - find_json_value: selected_file into json/input_values.json is None
2024-11-13 13:40:57,114 - tools - INFO - find_json_value: reso into json/input_values.json is 0.005
2024-11-13 13:40:57,115 - tools - INFO - find_json_value: anglr_ into json/input_values.json is 45.0
2024-11-13 13:40:57,116 - tools - INFO - find_json_value: steps into json/input_values.json is 450.0
2024-11-13 13:40:57,116 - tools - INFO - find_json_value: coil_radius into json/input_values.json is None
2024-11-13 13:40:57,117 - tools - INFO - find_json_value: base_h into json/input_values.json is 2.0
2024-11-13 13:40:57,117 - tools - INFO - find_json_value: total_h into json/input_values.json is 5.0
2024-11-13 13:41:03,637 - tools - INFO - find_json_value: steps into json/input_values.json is 450.0
2024-11-13 13:41:03,638 - tools - INFO - find_json_value: anglr_ into json/input_values.json is 45.0
2024-11-13 13:41:03,638 - tools - INFO - find_json_value: base_h into json/input_values.json is 2.0
2024-11-13 13:41:03,638 - tools - INFO - find_json_value: total_h into json/input_values.json is 5.0
2024-11-13 13:41:03,638 - tools - INFO - find_json_value: selected_file into json/input_values.json is None
