2024-07-11 09:31:13,419 - tools - INFO - find_json_value: reso into json/input_values.json is None
2024-07-11 09:31:13,424 - tools - INFO - find_json_value: anglr_ into json/input_values.json is 0.0
2024-07-11 09:31:13,427 - tools - INFO - find_json_value: steps into json/input_values.json is 1000.0
2024-07-11 09:31:13,430 - tools - INFO - find_json_value: coil_radius into json/input_values.json is None
2024-07-11 09:31:13,433 - tools - INFO - find_json_value: base_h into json/input_values.json is 2.0
2024-07-11 09:31:13,434 - tools - INFO - find_json_value: total_h into json/input_values.json is 4.0
2024-07-11 09:31:17,595 - tools - INFO - find_json_value: steps into json/input_values.json is 1000.0
2024-07-11 09:31:17,595 - tools - INFO - find_json_value: anglr_ into json/input_values.json is 0.0
2024-07-11 09:31:17,596 - tools - INFO - find_json_value: base_h into json/input_values.json is 2.0
2024-07-11 09:31:17,596 - tools - INFO - find_json_value: total_h into json/input_values.json is 4.0
2024-07-11 09:31:17,597 - tools - INFO - find_json_value: selected_file into json/input_values.json is None
2024-07-11 09:31:17,611 - __main__ - INFO - show_selected_item==Generate_X_Rotate
2024-07-11 09:31:17,613 - tools - INFO - find_json_value: anglr_ into json/input_values.json is 0.0
2024-07-11 09:31:37,822 - tools - INFO - find_json_value: steps into json/input_values.json is 1000.0
2024-07-11 09:31:37,822 - tools - INFO - find_json_value: anglr_ into json/input_values.json is 0.0
2024-07-11 09:31:37,822 - tools - INFO - find_json_value: base_h into json/input_values.json is 2.0
2024-07-11 09:31:37,822 - tools - INFO - find_json_value: total_h into json/input_values.json is 4.0
2024-07-11 09:31:37,826 - tools - INFO - find_json_value: selected_file into json/input_values.json is None
2024-07-11 09:31:40,350 - tools - INFO - find_json_value: steps into json/input_values.json is 1000.0
2024-07-11 09:31:40,350 - tools - INFO - find_json_value: anglr_ into json/input_values.json is 0.0
2024-07-11 09:31:40,350 - tools - INFO - find_json_value: base_h into json/input_values.json is 2.0
2024-07-11 09:31:40,350 - tools - INFO - find_json_value: total_h into json/input_values.json is 4.0
2024-07-11 09:31:40,350 - tools - INFO - find_json_value: selected_file into json/input_values.json is None
2024-07-11 09:31:40,362 - __main__ - INFO - show_selected_item==Generate_X_Rotate
2024-07-11 09:31:40,362 - tools - INFO - find_json_value: anglr_ into json/input_values.json is 0.0
2024-07-11 09:31:52,349 - tools - INFO - find_json_value: steps into json/input_values.json is 1000.0
2024-07-11 09:31:52,349 - tools - INFO - find_json_value: anglr_ into json/input_values.json is 0.0
2024-07-11 09:31:52,349 - tools - INFO - find_json_value: base_h into json/input_values.json is 2.0
2024-07-11 09:31:52,349 - tools - INFO - find_json_value: total_h into json/input_values.json is 4.0
2024-07-11 09:31:52,352 - tools - INFO - find_json_value: selected_file into json/input_values.json is None
2024-07-11 09:31:52,352 - tools - INFO - find_json_value: anglr_ into json/input_values.json is 0.0
2024-07-11 09:32:06,330 - tools - INFO - find_json_value: steps into json/input_values.json is 1000.0
2024-07-11 09:32:06,330 - tools - INFO - find_json_value: anglr_ into json/input_values.json is 0.0
2024-07-11 09:32:06,331 - tools - INFO - find_json_value: base_h into json/input_values.json is 2.0
2024-07-11 09:32:06,332 - tools - INFO - find_json_value: total_h into json/input_values.json is 4.0
2024-07-11 09:32:06,332 - tools - INFO - find_json_value: selected_file into json/input_values.json is None
2024-07-11 09:32:49,192 - tools - INFO - find_json_value: reso into json/input_values.json is None
2024-07-11 09:32:49,194 - tools - INFO - find_json_value: anglr_ into json/input_values.json is 0.0
2024-07-11 09:32:49,195 - tools - INFO - find_json_value: steps into json/input_values.json is 1000.0
2024-07-11 09:32:49,196 - tools - INFO - find_json_value: coil_radius into json/input_values.json is None
2024-07-11 09:32:49,198 - tools - INFO - find_json_value: base_h into json/input_values.json is 2.0
2024-07-11 09:32:49,199 - tools - INFO - find_json_value: total_h into json/input_values.json is 4.0
2024-07-11 09:32:59,342 - tools - INFO - find_json_value: steps into json/input_values.json is 1000.0
2024-07-11 09:32:59,344 - tools - INFO - find_json_value: anglr_ into json/input_values.json is 0.0
2024-07-11 09:32:59,344 - tools - INFO - find_json_value: base_h into json/input_values.json is 2.0
2024-07-11 09:32:59,345 - tools - INFO - find_json_value: total_h into json/input_values.json is 4.0
2024-07-11 09:32:59,345 - tools - INFO - find_json_value: selected_file into json/input_values.json is None
2024-07-11 09:32:59,357 - __main__ - INFO - show_selected_item==Generate_X_Rotate
2024-07-11 09:32:59,357 - tools - INFO - find_json_value: anglr_ into json/input_values.json is 0.0
2024-07-11 09:33:08,248 - tools - INFO - find_json_value: steps into json/input_values.json is 1000.0
2024-07-11 09:33:08,248 - tools - INFO - find_json_value: anglr_ into json/input_values.json is 0.0
2024-07-11 09:33:08,248 - tools - INFO - find_json_value: base_h into json/input_values.json is 2.0
2024-07-11 09:33:08,248 - tools - INFO - find_json_value: total_h into json/input_values.json is 4.0
2024-07-11 09:33:08,253 - tools - INFO - find_json_value: selected_file into json/input_values.json is None
2024-07-11 09:33:08,254 - tools - INFO - find_json_value: anglr_ into json/input_values.json is 0.0
2024-07-11 09:33:12,039 - tools - INFO - find_json_value: steps into json/input_values.json is 1000.0
2024-07-11 09:33:12,039 - tools - INFO - find_json_value: anglr_ into json/input_values.json is 0.0
2024-07-11 09:33:12,039 - tools - INFO - find_json_value: base_h into json/input_values.json is 2.0
2024-07-11 09:33:12,039 - tools - INFO - find_json_value: total_h into json/input_values.json is 4.0
2024-07-11 09:33:12,043 - tools - INFO - find_json_value: selected_file into json/input_values.json is None
2024-07-11 09:34:19,762 - tools - INFO - find_json_value: reso into json/input_values.json is None
2024-07-11 09:34:19,764 - tools - INFO - find_json_value: anglr_ into json/input_values.json is 0.0
2024-07-11 09:34:19,764 - tools - INFO - find_json_value: steps into json/input_values.json is 1000.0
2024-07-11 09:34:19,764 - tools - INFO - find_json_value: coil_radius into json/input_values.json is None
2024-07-11 09:34:19,764 - tools - INFO - find_json_value: base_h into json/input_values.json is 2.0
2024-07-11 09:34:19,769 - tools - INFO - find_json_value: total_h into json/input_values.json is 4.0
2024-07-11 09:34:29,354 - tools - INFO - find_json_value: steps into json/input_values.json is 1000.0
2024-07-11 09:34:29,357 - tools - INFO - find_json_value: anglr_ into json/input_values.json is 0.0
2024-07-11 09:34:29,357 - tools - INFO - find_json_value: base_h into json/input_values.json is 2.0
2024-07-11 09:34:29,359 - tools - INFO - find_json_value: total_h into json/input_values.json is 4.0
2024-07-11 09:34:29,359 - tools - INFO - find_json_value: selected_file into json/input_values.json is None
2024-07-11 09:34:29,379 - tools - INFO - find_json_value: anglr_ into json/input_values.json is 0.0
2024-07-11 09:34:33,173 - tools - INFO - find_json_value: steps into json/input_values.json is 1000.0
2024-07-11 09:34:33,173 - tools - INFO - find_json_value: anglr_ into json/input_values.json is 0.0
2024-07-11 09:34:33,173 - tools - INFO - find_json_value: base_h into json/input_values.json is 2.0
2024-07-11 09:34:33,173 - tools - INFO - find_json_value: total_h into json/input_values.json is 4.0
2024-07-11 09:34:33,173 - tools - INFO - find_json_value: selected_file into json/input_values.json is None
2024-07-11 09:34:33,194 - tools - INFO - find_json_value: anglr_ into json/input_values.json is 0.0
2024-07-11 09:34:40,734 - tools - INFO - find_json_value: steps into json/input_values.json is 1000.0
2024-07-11 09:34:40,734 - tools - INFO - find_json_value: anglr_ into json/input_values.json is 0.0
2024-07-11 09:34:40,734 - tools - INFO - find_json_value: base_h into json/input_values.json is 2.0
2024-07-11 09:34:40,737 - tools - INFO - find_json_value: total_h into json/input_values.json is 4.0
2024-07-11 09:34:40,737 - tools - INFO - find_json_value: selected_file into json/input_values.json is None
2024-07-11 09:34:40,754 - tools - INFO - find_json_value: anglr_ into json/input_values.json is 0.0
2024-07-11 09:34:57,395 - tools - INFO - {'anglr_': 0.0, 'steps': 1000.0, 'base_h': 2.0, 'total_h': 5.0} is saved in json/input_values.json as JSON successfully.
2024-07-11 09:34:57,395 - tools - INFO - Key=total_h,And Value=5.0 is updated into json/input_values.json
2024-07-11 09:34:58,620 - tools - INFO - find_json_value: steps into json/input_values.json is 1000.0
2024-07-11 09:34:58,620 - tools - INFO - find_json_value: anglr_ into json/input_values.json is 0.0
2024-07-11 09:34:58,623 - tools - INFO - find_json_value: base_h into json/input_values.json is 2.0
2024-07-11 09:34:58,623 - tools - INFO - find_json_value: total_h into json/input_values.json is 5.0
2024-07-11 09:34:58,623 - tools - INFO - find_json_value: selected_file into json/input_values.json is None
2024-07-11 09:34:58,638 - __main__ - INFO - show_selected_item==Generate_X_Rotate
2024-07-11 09:34:58,638 - tools - INFO - find_json_value: anglr_ into json/input_values.json is 0.0
2024-07-11 09:35:04,899 - tools - INFO - find_json_value: steps into json/input_values.json is 1000.0
2024-07-11 09:35:04,899 - tools - INFO - find_json_value: anglr_ into json/input_values.json is 0.0
2024-07-11 09:35:04,899 - tools - INFO - find_json_value: base_h into json/input_values.json is 2.0
2024-07-11 09:35:04,902 - tools - INFO - find_json_value: total_h into json/input_values.json is 5.0
2024-07-11 09:35:04,903 - tools - INFO - find_json_value: selected_file into json/input_values.json is None
2024-07-11 09:35:04,903 - tools - INFO - find_json_value: anglr_ into json/input_values.json is 0.0
2024-07-11 09:35:10,801 - tools - INFO - find_json_value: steps into json/input_values.json is 1000.0
2024-07-11 09:35:10,802 - tools - INFO - find_json_value: anglr_ into json/input_values.json is 0.0
2024-07-11 09:35:10,803 - tools - INFO - find_json_value: base_h into json/input_values.json is 2.0
2024-07-11 09:35:10,803 - tools - INFO - find_json_value: total_h into json/input_values.json is 5.0
2024-07-11 09:35:10,803 - tools - INFO - find_json_value: selected_file into json/input_values.json is None
2024-07-11 09:35:10,817 - tools - INFO - find_json_value: anglr_ into json/input_values.json is 0.0
2024-07-11 09:35:18,893 - tools - INFO - find_json_value: steps into json/input_values.json is 1000.0
2024-07-11 09:35:18,895 - tools - INFO - find_json_value: anglr_ into json/input_values.json is 0.0
2024-07-11 09:35:18,895 - tools - INFO - find_json_value: base_h into json/input_values.json is 2.0
2024-07-11 09:35:18,895 - tools - INFO - find_json_value: total_h into json/input_values.json is 5.0
2024-07-11 09:35:18,897 - tools - INFO - find_json_value: selected_file into json/input_values.json is None
2024-07-11 09:35:18,897 - tools - INFO - find_json_value: anglr_ into json/input_values.json is 0.0
2024-07-11 09:35:31,587 - tools - INFO - {'anglr_': 0.0, 'steps': 1000.0, 'base_h': 2.0, 'total_h': 5.0, 'coil_radius': 'coil_radius'} is saved in json/input_values.json as JSON successfully.
2024-07-11 09:35:31,587 - tools - INFO - Key=coil_radius,And Value=coil_radius is updated into json/input_values.json
2024-07-11 09:35:38,412 - tools - INFO - find_json_value: steps into json/input_values.json is 1000.0
2024-07-11 09:35:38,412 - tools - INFO - find_json_value: anglr_ into json/input_values.json is 0.0
2024-07-11 09:35:38,417 - tools - INFO - find_json_value: base_h into json/input_values.json is 2.0
2024-07-11 09:35:38,417 - tools - INFO - find_json_value: total_h into json/input_values.json is 5.0
2024-07-11 09:35:38,417 - tools - INFO - find_json_value: selected_file into json/input_values.json is None
2024-07-11 09:35:38,433 - __main__ - INFO - show_selected_item==Generate_X_Rotate
2024-07-11 09:35:38,433 - tools - INFO - find_json_value: anglr_ into json/input_values.json is 0.0
2024-07-11 09:35:46,942 - tools - INFO - find_json_value: steps into json/input_values.json is 1000.0
2024-07-11 09:35:46,942 - tools - INFO - find_json_value: anglr_ into json/input_values.json is 0.0
2024-07-11 09:35:46,942 - tools - INFO - find_json_value: base_h into json/input_values.json is 2.0
2024-07-11 09:35:46,942 - tools - INFO - find_json_value: total_h into json/input_values.json is 5.0
2024-07-11 09:35:46,947 - tools - INFO - find_json_value: selected_file into json/input_values.json is None
2024-07-11 09:37:32,848 - tools - INFO - find_json_value: reso into json/input_values.json is None
2024-07-11 09:37:32,853 - tools - INFO - find_json_value: anglr_ into json/input_values.json is 0.0
2024-07-11 09:37:32,853 - tools - INFO - find_json_value: steps into json/input_values.json is 1000.0
2024-07-11 09:37:32,858 - tools - INFO - find_json_value: coil_radius into json/input_values.json is coil_radius
2024-07-11 09:37:32,858 - tools - INFO - find_json_value: base_h into json/input_values.json is 2.0
2024-07-11 09:37:32,861 - tools - INFO - find_json_value: total_h into json/input_values.json is 5.0
2024-07-11 09:38:03,566 - tools - INFO - find_json_value: reso into json/input_values.json is None
2024-07-11 09:38:03,568 - tools - INFO - find_json_value: anglr_ into json/input_values.json is 0.0
2024-07-11 09:38:03,569 - tools - INFO - find_json_value: steps into json/input_values.json is 1000.0
2024-07-11 09:38:03,570 - tools - INFO - find_json_value: coil_radius into json/input_values.json is coil_radius
2024-07-11 09:38:03,572 - tools - INFO - find_json_value: base_h into json/input_values.json is 2.0
2024-07-11 09:38:03,574 - tools - INFO - find_json_value: total_h into json/input_values.json is 5.0
2024-07-11 09:42:16,320 - tools - INFO - find_json_value: reso into json/input_values.json is None
2024-07-11 09:42:16,322 - tools - INFO - find_json_value: anglr_ into json/input_values.json is 0.0
2024-07-11 09:42:16,323 - tools - INFO - find_json_value: steps into json/input_values.json is 1000.0
2024-07-11 09:42:16,323 - tools - INFO - find_json_value: coil_radius into json/input_values.json is coil_radius
2024-07-11 09:42:16,323 - tools - INFO - find_json_value: base_h into json/input_values.json is 2.0
2024-07-11 09:42:16,328 - tools - INFO - find_json_value: total_h into json/input_values.json is 5.0
2024-07-11 09:42:27,066 - tools - INFO - {'anglr_': 30.0, 'steps': 1000.0, 'base_h': 2.0, 'total_h': 5.0, 'coil_radius': 'coil_radius'} is saved in json/input_values.json as JSON successfully.
2024-07-11 09:42:27,066 - tools - INFO - Key=anglr_,And Value=30.0 is updated into json/input_values.json
2024-07-11 09:42:28,357 - tools - INFO - find_json_value: steps into json/input_values.json is 1000.0
2024-07-11 09:42:28,357 - tools - INFO - find_json_value: anglr_ into json/input_values.json is 30.0
2024-07-11 09:42:28,357 - tools - INFO - find_json_value: base_h into json/input_values.json is 2.0
2024-07-11 09:42:28,357 - tools - INFO - find_json_value: total_h into json/input_values.json is 5.0
2024-07-11 09:42:28,357 - tools - INFO - find_json_value: selected_file into json/input_values.json is None
2024-07-11 09:42:28,389 - __main__ - INFO - show_selected_item==Generate_X_Rotate
2024-07-11 09:42:28,390 - tools - INFO - find_json_value: anglr_ into json/input_values.json is 30.0
2024-07-11 09:42:42,841 - tools - INFO - find_json_value: steps into json/input_values.json is 1000.0
2024-07-11 09:42:42,846 - tools - INFO - find_json_value: anglr_ into json/input_values.json is 30.0
2024-07-11 09:42:42,846 - tools - INFO - find_json_value: base_h into json/input_values.json is 2.0
2024-07-11 09:42:42,846 - tools - INFO - find_json_value: total_h into json/input_values.json is 5.0
2024-07-11 09:42:42,846 - tools - INFO - find_json_value: selected_file into json/input_values.json is None
2024-07-11 09:42:42,861 - tools - INFO - find_json_value: anglr_ into json/input_values.json is 30.0
2024-07-11 09:42:47,780 - tools - INFO - find_json_value: steps into json/input_values.json is 1000.0
2024-07-11 09:42:47,780 - tools - INFO - find_json_value: anglr_ into json/input_values.json is 30.0
2024-07-11 09:42:47,780 - tools - INFO - find_json_value: base_h into json/input_values.json is 2.0
2024-07-11 09:42:47,780 - tools - INFO - find_json_value: total_h into json/input_values.json is 5.0
2024-07-11 09:42:47,780 - tools - INFO - find_json_value: selected_file into json/input_values.json is None
2024-07-11 09:42:47,791 - tools - INFO - find_json_value: anglr_ into json/input_values.json is 30.0
2024-07-11 09:43:03,422 - tools - INFO - {'anglr_': 20.0, 'steps': 1000.0, 'base_h': 2.0, 'total_h': 5.0, 'coil_radius': 'coil_radius'} is saved in json/input_values.json as JSON successfully.
2024-07-11 09:43:03,423 - tools - INFO - Key=anglr_,And Value=20.0 is updated into json/input_values.json
2024-07-11 09:43:04,963 - tools - INFO - find_json_value: steps into json/input_values.json is 1000.0
2024-07-11 09:43:04,964 - tools - INFO - find_json_value: anglr_ into json/input_values.json is 20.0
2024-07-11 09:43:04,964 - tools - INFO - find_json_value: base_h into json/input_values.json is 2.0
2024-07-11 09:43:04,964 - tools - INFO - find_json_value: total_h into json/input_values.json is 5.0
2024-07-11 09:43:04,964 - tools - INFO - find_json_value: selected_file into json/input_values.json is None
2024-07-11 09:43:04,979 - tools - INFO - find_json_value: anglr_ into json/input_values.json is 20.0
2024-07-11 09:43:19,806 - tools - INFO - find_json_value: steps into json/input_values.json is 1000.0
2024-07-11 09:43:19,807 - tools - INFO - find_json_value: anglr_ into json/input_values.json is 20.0
2024-07-11 09:43:19,808 - tools - INFO - find_json_value: base_h into json/input_values.json is 2.0
2024-07-11 09:43:19,808 - tools - INFO - find_json_value: total_h into json/input_values.json is 5.0
2024-07-11 09:43:19,810 - tools - INFO - find_json_value: selected_file into json/input_values.json is None
2024-07-11 09:43:23,548 - tools - INFO - find_json_value: steps into json/input_values.json is 1000.0
2024-07-11 09:43:23,548 - tools - INFO - find_json_value: anglr_ into json/input_values.json is 20.0
2024-07-11 09:43:23,551 - tools - INFO - find_json_value: base_h into json/input_values.json is 2.0
2024-07-11 09:43:23,551 - tools - INFO - find_json_value: total_h into json/input_values.json is 5.0
2024-07-11 09:43:23,552 - tools - INFO - find_json_value: selected_file into json/input_values.json is None
2024-07-11 09:43:23,553 - tools - INFO - find_json_value: anglr_ into json/input_values.json is 20.0
2024-07-11 09:45:16,585 - tools - INFO - find_json_value: reso into json/input_values.json is None
2024-07-11 09:45:16,585 - tools - INFO - find_json_value: anglr_ into json/input_values.json is 20.0
2024-07-11 09:45:16,590 - tools - INFO - find_json_value: steps into json/input_values.json is 1000.0
2024-07-11 09:45:16,591 - tools - INFO - find_json_value: coil_radius into json/input_values.json is coil_radius
2024-07-11 09:45:16,593 - tools - INFO - find_json_value: base_h into json/input_values.json is 2.0
2024-07-11 09:45:16,594 - tools - INFO - find_json_value: total_h into json/input_values.json is 5.0
2024-07-11 09:45:25,363 - tools - INFO - find_json_value: steps into json/input_values.json is 1000.0
2024-07-11 09:45:25,363 - tools - INFO - find_json_value: anglr_ into json/input_values.json is 20.0
2024-07-11 09:45:25,363 - tools - INFO - find_json_value: base_h into json/input_values.json is 2.0
2024-07-11 09:45:25,363 - tools - INFO - find_json_value: total_h into json/input_values.json is 5.0
2024-07-11 09:45:25,363 - tools - INFO - find_json_value: selected_file into json/input_values.json is None
2024-07-11 09:45:25,368 - tools - INFO - find_json_value: anglr_ into json/input_values.json is 20.0
2024-07-11 09:45:40,825 - tools - INFO - {'anglr_': 0.0, 'steps': 1000.0, 'base_h': 2.0, 'total_h': 5.0, 'coil_radius': 'coil_radius'} is saved in json/input_values.json as JSON successfully.
2024-07-11 09:45:40,825 - tools - INFO - Key=anglr_,And Value=0.0 is updated into json/input_values.json
2024-07-11 09:45:43,782 - tools - INFO - find_json_value: steps into json/input_values.json is 1000.0
2024-07-11 09:45:43,782 - tools - INFO - find_json_value: anglr_ into json/input_values.json is 0.0
2024-07-11 09:45:43,782 - tools - INFO - find_json_value: base_h into json/input_values.json is 2.0
2024-07-11 09:45:43,787 - tools - INFO - find_json_value: total_h into json/input_values.json is 5.0
2024-07-11 09:45:43,787 - tools - INFO - find_json_value: selected_file into json/input_values.json is None
2024-07-11 09:45:43,802 - __main__ - INFO - show_selected_item==Generate_X_Rotate
2024-07-11 09:45:43,807 - tools - INFO - find_json_value: anglr_ into json/input_values.json is 0.0
2024-07-11 09:59:18,478 - tools - INFO - find_json_value: reso into json/input_values.json is None
2024-07-11 09:59:18,486 - tools - INFO - find_json_value: anglr_ into json/input_values.json is 0.0
2024-07-11 09:59:18,486 - tools - INFO - find_json_value: steps into json/input_values.json is 1000.0
2024-07-11 09:59:18,489 - tools - INFO - find_json_value: coil_radius into json/input_values.json is coil_radius
2024-07-11 09:59:18,492 - tools - INFO - find_json_value: base_h into json/input_values.json is 2.0
2024-07-11 09:59:18,493 - tools - INFO - find_json_value: total_h into json/input_values.json is 5.0
2024-07-11 09:59:24,080 - tools - INFO - find_json_value: steps into json/input_values.json is 1000.0
2024-07-11 09:59:24,080 - tools - INFO - find_json_value: anglr_ into json/input_values.json is 0.0
2024-07-11 09:59:24,080 - tools - INFO - find_json_value: base_h into json/input_values.json is 2.0
2024-07-11 09:59:24,080 - tools - INFO - find_json_value: total_h into json/input_values.json is 5.0
2024-07-11 09:59:24,080 - tools - INFO - find_json_value: selected_file into json/input_values.json is None
2024-07-11 10:01:16,200 - tools - INFO - find_json_value: reso into json/input_values.json is None
2024-07-11 10:01:16,200 - tools - INFO - find_json_value: anglr_ into json/input_values.json is 0.0
2024-07-11 10:01:16,205 - tools - INFO - find_json_value: steps into json/input_values.json is 1000.0
2024-07-11 10:01:16,205 - tools - INFO - find_json_value: coil_radius into json/input_values.json is coil_radius
2024-07-11 10:01:16,210 - tools - INFO - find_json_value: base_h into json/input_values.json is 2.0
2024-07-11 10:01:16,212 - tools - INFO - find_json_value: total_h into json/input_values.json is 5.0
2024-07-11 10:01:17,920 - tools - INFO - find_json_value: steps into json/input_values.json is 1000.0
2024-07-11 10:01:17,922 - tools - INFO - find_json_value: anglr_ into json/input_values.json is 0.0
2024-07-11 10:01:17,922 - tools - INFO - find_json_value: base_h into json/input_values.json is 2.0
2024-07-11 10:01:17,922 - tools - INFO - find_json_value: total_h into json/input_values.json is 5.0
2024-07-11 10:01:17,922 - tools - INFO - find_json_value: selected_file into json/input_values.json is None
2024-07-11 10:01:30,251 - tools - INFO - find_json_value: steps into json/input_values.json is 1000.0
2024-07-11 10:01:30,252 - tools - INFO - find_json_value: anglr_ into json/input_values.json is 0.0
2024-07-11 10:01:30,253 - tools - INFO - find_json_value: base_h into json/input_values.json is 2.0
2024-07-11 10:01:30,254 - tools - INFO - find_json_value: total_h into json/input_values.json is 5.0
2024-07-11 10:01:30,254 - tools - INFO - find_json_value: selected_file into json/input_values.json is None
2024-07-11 10:01:30,283 - tools - INFO - find_json_value: anglr_ into json/input_values.json is 0.0
2024-07-11 10:01:33,209 - tools - INFO - {'anglr_': 0.0, 'steps': 1000.0, 'base_h': 2.0, 'total_h': 5.0, 'coil_radius': 'coil_radius'} is saved in json/input_values.json as JSON successfully.
2024-07-11 10:01:33,209 - tools - INFO - Key=anglr_,And Value=0.0 is updated into json/input_values.json
2024-07-11 10:01:33,890 - tools - INFO - find_json_value: steps into json/input_values.json is 1000.0
2024-07-11 10:01:33,890 - tools - INFO - find_json_value: anglr_ into json/input_values.json is 0.0
2024-07-11 10:01:33,890 - tools - INFO - find_json_value: base_h into json/input_values.json is 2.0
2024-07-11 10:01:33,896 - tools - INFO - find_json_value: total_h into json/input_values.json is 5.0
2024-07-11 10:01:33,896 - tools - INFO - find_json_value: selected_file into json/input_values.json is None
2024-07-11 10:01:33,906 - __main__ - INFO - show_selected_item==Generate_X_Rotate
2024-07-11 10:01:33,906 - tools - INFO - find_json_value: anglr_ into json/input_values.json is 0.0
2024-07-11 10:01:38,786 - tools - INFO - find_json_value: steps into json/input_values.json is 1000.0
2024-07-11 10:01:38,786 - tools - INFO - find_json_value: anglr_ into json/input_values.json is 0.0
2024-07-11 10:01:38,789 - tools - INFO - find_json_value: base_h into json/input_values.json is 2.0
2024-07-11 10:01:38,790 - tools - INFO - find_json_value: total_h into json/input_values.json is 5.0
2024-07-11 10:01:38,790 - tools - INFO - find_json_value: selected_file into json/input_values.json is None
2024-07-11 10:01:38,792 - tools - INFO - find_json_value: anglr_ into json/input_values.json is 0.0
2024-07-11 10:01:43,494 - tools - INFO - find_json_value: steps into json/input_values.json is 1000.0
2024-07-11 10:01:43,494 - tools - INFO - find_json_value: anglr_ into json/input_values.json is 0.0
2024-07-11 10:01:43,494 - tools - INFO - find_json_value: base_h into json/input_values.json is 2.0
2024-07-11 10:01:43,498 - tools - INFO - find_json_value: total_h into json/input_values.json is 5.0
2024-07-11 10:01:43,498 - tools - INFO - find_json_value: selected_file into json/input_values.json is None
2024-07-11 10:02:59,316 - tools - INFO - find_json_value: reso into json/input_values.json is None
2024-07-11 10:02:59,318 - tools - INFO - find_json_value: anglr_ into json/input_values.json is 0.0
2024-07-11 10:02:59,318 - tools - INFO - find_json_value: steps into json/input_values.json is 1000.0
2024-07-11 10:02:59,322 - tools - INFO - find_json_value: coil_radius into json/input_values.json is coil_radius
2024-07-11 10:02:59,322 - tools - INFO - find_json_value: base_h into json/input_values.json is 2.0
2024-07-11 10:02:59,322 - tools - INFO - find_json_value: total_h into json/input_values.json is 5.0
2024-07-11 10:03:01,282 - tools - INFO - find_json_value: steps into json/input_values.json is 1000.0
2024-07-11 10:03:01,287 - tools - INFO - find_json_value: anglr_ into json/input_values.json is 0.0
2024-07-11 10:03:01,287 - tools - INFO - find_json_value: base_h into json/input_values.json is 2.0
2024-07-11 10:03:01,289 - tools - INFO - find_json_value: total_h into json/input_values.json is 5.0
2024-07-11 10:03:01,289 - tools - INFO - find_json_value: selected_file into json/input_values.json is None
2024-07-11 10:03:11,013 - ui_helper - INFO - Selected file: C:/Users/tomo0/OneDrive/ドキュメント/4年/プロット/deg30.csv
2024-07-11 10:03:11,024 - tools - INFO - {'anglr_': 0.0, 'steps': 1000.0, 'base_h': 2.0, 'total_h': 5.0, 'coil_radius': 'coil_radius', 'selected_file': 'C:/Users/tomo0/OneDrive/ドキュメント/4年/プロット/deg30.csv'} is saved in json/input_values.json as JSON successfully.
2024-07-11 10:03:11,025 - tools - INFO - Key=selected_file,And Value=C:/Users/tomo0/OneDrive/ドキュメント/4年/プロット/deg30.csv is updated into json/input_values.json
2024-07-11 10:03:14,463 - tools - INFO - find_json_value: steps into json/input_values.json is 1000.0
2024-07-11 10:03:14,463 - tools - INFO - find_json_value: anglr_ into json/input_values.json is 0.0
2024-07-11 10:03:14,464 - tools - INFO - find_json_value: base_h into json/input_values.json is 2.0
2024-07-11 10:03:14,464 - tools - INFO - find_json_value: total_h into json/input_values.json is 5.0
2024-07-11 10:03:14,464 - tools - INFO - find_json_value: selected_file into json/input_values.json is C:/Users/tomo0/OneDrive/ドキュメント/4年/プロット/deg30.csv
2024-07-11 10:03:14,464 - tools - INFO - find_json_value: anglr_ into json/input_values.json is 0.0
2024-07-11 10:03:18,622 - tools - INFO - find_json_value: steps into json/input_values.json is 1000.0
2024-07-11 10:03:18,622 - tools - INFO - find_json_value: anglr_ into json/input_values.json is 0.0
2024-07-11 10:03:18,627 - tools - INFO - find_json_value: base_h into json/input_values.json is 2.0
2024-07-11 10:03:18,628 - tools - INFO - find_json_value: total_h into json/input_values.json is 5.0
2024-07-11 10:03:18,628 - tools - INFO - find_json_value: selected_file into json/input_values.json is C:/Users/tomo0/OneDrive/ドキュメント/4年/プロット/deg30.csv
2024-07-11 10:03:27,698 - ui_helper - INFO - Selected file: C:/Users/tomo0/OneDrive/ドキュメント/4年/プロット/deg30.csv
2024-07-11 10:03:27,700 - tools - INFO - {'anglr_': 0.0, 'steps': 1000.0, 'base_h': 2.0, 'total_h': 5.0, 'coil_radius': 'coil_radius', 'selected_file': 'C:/Users/tomo0/OneDrive/ドキュメント/4年/プロット/deg30.csv'} is saved in json/input_values.json as JSON successfully.
2024-07-11 10:03:27,700 - tools - INFO - Key=selected_file,And Value=C:/Users/tomo0/OneDrive/ドキュメント/4年/プロット/deg30.csv is updated into json/input_values.json
2024-07-11 10:03:30,332 - tools - INFO - find_json_value: steps into json/input_values.json is 1000.0
2024-07-11 10:03:30,332 - tools - INFO - find_json_value: anglr_ into json/input_values.json is 0.0
2024-07-11 10:03:30,332 - tools - INFO - find_json_value: base_h into json/input_values.json is 2.0
2024-07-11 10:03:30,336 - tools - INFO - find_json_value: total_h into json/input_values.json is 5.0
2024-07-11 10:03:30,337 - tools - INFO - find_json_value: selected_file into json/input_values.json is C:/Users/tomo0/OneDrive/ドキュメント/4年/プロット/deg30.csv
2024-07-11 10:08:57,048 - tools - INFO - find_json_value: reso into json/input_values.json is None
2024-07-11 10:08:57,049 - tools - INFO - find_json_value: anglr_ into json/input_values.json is 0.0
2024-07-11 10:08:57,049 - tools - INFO - find_json_value: steps into json/input_values.json is 1000.0
2024-07-11 10:08:57,053 - tools - INFO - find_json_value: coil_radius into json/input_values.json is coil_radius
2024-07-11 10:08:57,053 - tools - INFO - find_json_value: base_h into json/input_values.json is 2.0
2024-07-11 10:08:57,053 - tools - INFO - find_json_value: total_h into json/input_values.json is 5.0
2024-07-11 10:09:02,220 - tools - INFO - find_json_value: steps into json/input_values.json is 1000.0
2024-07-11 10:09:02,222 - tools - INFO - find_json_value: anglr_ into json/input_values.json is 0.0
2024-07-11 10:09:02,222 - tools - INFO - find_json_value: base_h into json/input_values.json is 2.0
2024-07-11 10:09:02,224 - tools - INFO - find_json_value: total_h into json/input_values.json is 5.0
2024-07-11 10:09:02,225 - tools - INFO - find_json_value: selected_file into json/input_values.json is C:/Users/tomo0/OneDrive/ドキュメント/4年/プロット/deg30.csv
2024-07-11 10:09:03,384 - tools - INFO - find_json_value: steps into json/input_values.json is 1000.0
2024-07-11 10:09:03,384 - tools - INFO - find_json_value: anglr_ into json/input_values.json is 0.0
2024-07-11 10:09:03,384 - tools - INFO - find_json_value: base_h into json/input_values.json is 2.0
2024-07-11 10:09:03,387 - tools - INFO - find_json_value: total_h into json/input_values.json is 5.0
2024-07-11 10:09:03,387 - tools - INFO - find_json_value: selected_file into json/input_values.json is C:/Users/tomo0/OneDrive/ドキュメント/4年/プロット/deg30.csv
2024-07-11 10:09:03,982 - tools - INFO - find_json_value: steps into json/input_values.json is 1000.0
2024-07-11 10:09:03,982 - tools - INFO - find_json_value: anglr_ into json/input_values.json is 0.0
2024-07-11 10:09:03,987 - tools - INFO - find_json_value: base_h into json/input_values.json is 2.0
2024-07-11 10:09:03,987 - tools - INFO - find_json_value: total_h into json/input_values.json is 5.0
2024-07-11 10:09:03,987 - tools - INFO - find_json_value: selected_file into json/input_values.json is C:/Users/tomo0/OneDrive/ドキュメント/4年/プロット/deg30.csv
2024-07-11 10:09:04,630 - tools - INFO - find_json_value: steps into json/input_values.json is 1000.0
2024-07-11 10:09:04,631 - tools - INFO - find_json_value: anglr_ into json/input_values.json is 0.0
2024-07-11 10:09:04,632 - tools - INFO - find_json_value: base_h into json/input_values.json is 2.0
2024-07-11 10:09:04,633 - tools - INFO - find_json_value: total_h into json/input_values.json is 5.0
2024-07-11 10:09:04,633 - tools - INFO - find_json_value: selected_file into json/input_values.json is C:/Users/tomo0/OneDrive/ドキュメント/4年/プロット/deg30.csv
2024-07-11 10:09:05,463 - tools - INFO - find_json_value: steps into json/input_values.json is 1000.0
2024-07-11 10:09:05,463 - tools - INFO - find_json_value: anglr_ into json/input_values.json is 0.0
2024-07-11 10:09:05,463 - tools - INFO - find_json_value: base_h into json/input_values.json is 2.0
2024-07-11 10:09:05,465 - tools - INFO - find_json_value: total_h into json/input_values.json is 5.0
2024-07-11 10:09:05,465 - tools - INFO - find_json_value: selected_file into json/input_values.json is C:/Users/tomo0/OneDrive/ドキュメント/4年/プロット/deg30.csv
2024-07-11 10:09:07,667 - tools - INFO - find_json_value: steps into json/input_values.json is 1000.0
2024-07-11 10:09:07,667 - tools - INFO - find_json_value: anglr_ into json/input_values.json is 0.0
2024-07-11 10:09:07,667 - tools - INFO - find_json_value: base_h into json/input_values.json is 2.0
2024-07-11 10:09:07,667 - tools - INFO - find_json_value: total_h into json/input_values.json is 5.0
2024-07-11 10:09:07,672 - tools - INFO - find_json_value: selected_file into json/input_values.json is C:/Users/tomo0/OneDrive/ドキュメント/4年/プロット/deg30.csv
2024-07-11 10:09:07,672 - tools - INFO - find_json_value: anglr_ into json/input_values.json is 0.0
2024-07-11 10:09:17,221 - tools - INFO - find_json_value: steps into json/input_values.json is 1000.0
2024-07-11 10:09:17,223 - tools - INFO - find_json_value: anglr_ into json/input_values.json is 0.0
2024-07-11 10:09:17,224 - tools - INFO - find_json_value: base_h into json/input_values.json is 2.0
2024-07-11 10:09:17,225 - tools - INFO - find_json_value: total_h into json/input_values.json is 5.0
2024-07-11 10:09:17,225 - tools - INFO - find_json_value: selected_file into json/input_values.json is C:/Users/tomo0/OneDrive/ドキュメント/4年/プロット/deg30.csv
2024-07-11 10:09:22,937 - tools - INFO - find_json_value: steps into json/input_values.json is 1000.0
2024-07-11 10:09:22,937 - tools - INFO - find_json_value: anglr_ into json/input_values.json is 0.0
2024-07-11 10:09:22,937 - tools - INFO - find_json_value: base_h into json/input_values.json is 2.0
2024-07-11 10:09:22,937 - tools - INFO - find_json_value: total_h into json/input_values.json is 5.0
2024-07-11 10:09:22,937 - tools - INFO - find_json_value: selected_file into json/input_values.json is C:/Users/tomo0/OneDrive/ドキュメント/4年/プロット/deg30.csv
2024-07-11 10:09:26,366 - tools - INFO - find_json_value: steps into json/input_values.json is 1000.0
2024-07-11 10:09:26,367 - tools - INFO - find_json_value: anglr_ into json/input_values.json is 0.0
2024-07-11 10:09:26,367 - tools - INFO - find_json_value: base_h into json/input_values.json is 2.0
2024-07-11 10:09:26,367 - tools - INFO - find_json_value: total_h into json/input_values.json is 5.0
2024-07-11 10:09:26,367 - tools - INFO - find_json_value: selected_file into json/input_values.json is C:/Users/tomo0/OneDrive/ドキュメント/4年/プロット/deg30.csv
2024-07-11 10:09:26,367 - tools - INFO - find_json_value: anglr_ into json/input_values.json is 0.0
2024-07-11 10:15:06,895 - tools - INFO - find_json_value: reso into json/input_values.json is None
2024-07-11 10:15:06,900 - tools - INFO - find_json_value: anglr_ into json/input_values.json is 0.0
2024-07-11 10:15:06,900 - tools - INFO - find_json_value: steps into json/input_values.json is 1000.0
2024-07-11 10:15:06,905 - tools - INFO - find_json_value: coil_radius into json/input_values.json is coil_radius
2024-07-11 10:15:06,905 - tools - INFO - find_json_value: base_h into json/input_values.json is 2.0
2024-07-11 10:15:06,905 - tools - INFO - find_json_value: total_h into json/input_values.json is 5.0
2024-07-11 10:15:18,234 - tools - INFO - find_json_value: steps into json/input_values.json is 1000.0
2024-07-11 10:15:18,234 - tools - INFO - find_json_value: anglr_ into json/input_values.json is 0.0
2024-07-11 10:15:18,237 - tools - INFO - find_json_value: base_h into json/input_values.json is 2.0
2024-07-11 10:15:18,237 - tools - INFO - find_json_value: total_h into json/input_values.json is 5.0
2024-07-11 10:15:18,237 - tools - INFO - find_json_value: selected_file into json/input_values.json is C:/Users/tomo0/OneDrive/ドキュメント/4年/プロット/deg30.csv
2024-07-11 10:15:18,241 - tools - INFO - find_json_value: anglr_ into json/input_values.json is 0.0
2024-07-11 10:15:31,148 - tools - INFO - {'anglr_': 30.0, 'steps': 1000.0, 'base_h': 2.0, 'total_h': 5.0, 'coil_radius': 'coil_radius', 'selected_file': 'C:/Users/tomo0/OneDrive/ドキュメント/4年/プロット/deg30.csv'} is saved in json/input_values.json as JSON successfully.
2024-07-11 10:15:31,148 - tools - INFO - Key=anglr_,And Value=30.0 is updated into json/input_values.json
2024-07-11 10:15:32,928 - tools - INFO - find_json_value: steps into json/input_values.json is 1000.0
2024-07-11 10:15:32,929 - tools - INFO - find_json_value: anglr_ into json/input_values.json is 30.0
2024-07-11 10:15:32,930 - tools - INFO - find_json_value: base_h into json/input_values.json is 2.0
2024-07-11 10:15:32,930 - tools - INFO - find_json_value: total_h into json/input_values.json is 5.0
2024-07-11 10:15:32,930 - tools - INFO - find_json_value: selected_file into json/input_values.json is C:/Users/tomo0/OneDrive/ドキュメント/4年/プロット/deg30.csv
2024-07-11 10:15:32,950 - __main__ - INFO - show_selected_item==Generate_X_Rotate
2024-07-11 10:15:32,950 - tools - INFO - find_json_value: anglr_ into json/input_values.json is 30.0
2024-07-11 10:15:42,453 - tools - INFO - find_json_value: steps into json/input_values.json is 1000.0
2024-07-11 10:15:42,453 - tools - INFO - find_json_value: anglr_ into json/input_values.json is 30.0
2024-07-11 10:15:42,453 - tools - INFO - find_json_value: base_h into json/input_values.json is 2.0
2024-07-11 10:15:42,453 - tools - INFO - find_json_value: total_h into json/input_values.json is 5.0
2024-07-11 10:15:42,453 - tools - INFO - find_json_value: selected_file into json/input_values.json is C:/Users/tomo0/OneDrive/ドキュメント/4年/プロット/deg30.csv
2024-07-11 10:15:42,468 - tools - INFO - find_json_value: anglr_ into json/input_values.json is 30.0
2024-07-11 10:15:47,409 - tools - INFO - find_json_value: steps into json/input_values.json is 1000.0
2024-07-11 10:15:47,411 - tools - INFO - find_json_value: anglr_ into json/input_values.json is 30.0
2024-07-11 10:15:47,411 - tools - INFO - find_json_value: base_h into json/input_values.json is 2.0
2024-07-11 10:15:47,411 - tools - INFO - find_json_value: total_h into json/input_values.json is 5.0
2024-07-11 10:15:47,411 - tools - INFO - find_json_value: selected_file into json/input_values.json is C:/Users/tomo0/OneDrive/ドキュメント/4年/プロット/deg30.csv
2024-07-11 10:15:47,431 - tools - INFO - find_json_value: anglr_ into json/input_values.json is 30.0
2024-07-11 10:15:57,048 - tools - INFO - find_json_value: steps into json/input_values.json is 1000.0
2024-07-11 10:15:57,048 - tools - INFO - find_json_value: anglr_ into json/input_values.json is 30.0
2024-07-11 10:15:57,050 - tools - INFO - find_json_value: base_h into json/input_values.json is 2.0
2024-07-11 10:15:57,051 - tools - INFO - find_json_value: total_h into json/input_values.json is 5.0
2024-07-11 10:15:57,052 - tools - INFO - find_json_value: selected_file into json/input_values.json is C:/Users/tomo0/OneDrive/ドキュメント/4年/プロット/deg30.csv
2024-07-11 10:16:24,534 - tools - INFO - find_json_value: steps into json/input_values.json is 1000.0
2024-07-11 10:16:24,534 - tools - INFO - find_json_value: anglr_ into json/input_values.json is 30.0
2024-07-11 10:16:24,537 - tools - INFO - find_json_value: base_h into json/input_values.json is 2.0
2024-07-11 10:16:24,538 - tools - INFO - find_json_value: total_h into json/input_values.json is 5.0
2024-07-11 10:16:24,538 - tools - INFO - find_json_value: selected_file into json/input_values.json is C:/Users/tomo0/OneDrive/ドキュメント/4年/プロット/deg30.csv
2024-07-11 10:17:04,854 - tools - INFO - find_json_value: steps into json/input_values.json is 1000.0
2024-07-11 10:17:04,856 - tools - INFO - find_json_value: anglr_ into json/input_values.json is 30.0
2024-07-11 10:17:04,856 - tools - INFO - find_json_value: base_h into json/input_values.json is 2.0
2024-07-11 10:17:04,856 - tools - INFO - find_json_value: total_h into json/input_values.json is 5.0
2024-07-11 10:17:04,859 - tools - INFO - find_json_value: selected_file into json/input_values.json is C:/Users/tomo0/OneDrive/ドキュメント/4年/プロット/deg30.csv
2024-07-11 10:17:16,780 - ui_helper - INFO - Selected file: C:/Users/tomo0/OneDrive/ドキュメント/4年/プロット/deg30.csv
2024-07-11 10:17:16,782 - tools - INFO - {'anglr_': 30.0, 'steps': 1000.0, 'base_h': 2.0, 'total_h': 5.0, 'coil_radius': 'coil_radius', 'selected_file': 'C:/Users/tomo0/OneDrive/ドキュメント/4年/プロット/deg30.csv'} is saved in json/input_values.json as JSON successfully.
2024-07-11 10:17:16,785 - tools - INFO - Key=selected_file,And Value=C:/Users/tomo0/OneDrive/ドキュメント/4年/プロット/deg30.csv is updated into json/input_values.json
2024-07-11 10:17:22,253 - tools - INFO - find_json_value: steps into json/input_values.json is 1000.0
2024-07-11 10:17:22,253 - tools - INFO - find_json_value: anglr_ into json/input_values.json is 30.0
2024-07-11 10:17:22,253 - tools - INFO - find_json_value: base_h into json/input_values.json is 2.0
2024-07-11 10:17:22,258 - tools - INFO - find_json_value: total_h into json/input_values.json is 5.0
2024-07-11 10:17:22,258 - tools - INFO - find_json_value: selected_file into json/input_values.json is C:/Users/tomo0/OneDrive/ドキュメント/4年/プロット/deg30.csv
2024-07-11 10:17:28,044 - tools - INFO - find_json_value: steps into json/input_values.json is 1000.0
2024-07-11 10:17:28,047 - tools - INFO - find_json_value: anglr_ into json/input_values.json is 30.0
2024-07-11 10:17:28,048 - tools - INFO - find_json_value: base_h into json/input_values.json is 2.0
2024-07-11 10:17:28,048 - tools - INFO - find_json_value: total_h into json/input_values.json is 5.0
2024-07-11 10:17:28,050 - tools - INFO - find_json_value: selected_file into json/input_values.json is C:/Users/tomo0/OneDrive/ドキュメント/4年/プロット/deg30.csv
2024-07-11 10:17:28,067 - tools - INFO - find_json_value: anglr_ into json/input_values.json is 30.0
2024-07-11 10:17:31,224 - tools - INFO - find_json_value: steps into json/input_values.json is 1000.0
2024-07-11 10:17:31,225 - tools - INFO - find_json_value: anglr_ into json/input_values.json is 30.0
2024-07-11 10:17:31,225 - tools - INFO - find_json_value: base_h into json/input_values.json is 2.0
2024-07-11 10:17:31,227 - tools - INFO - find_json_value: total_h into json/input_values.json is 5.0
2024-07-11 10:17:31,227 - tools - INFO - find_json_value: selected_file into json/input_values.json is C:/Users/tomo0/OneDrive/ドキュメント/4年/プロット/deg30.csv
2024-07-11 10:17:33,576 - tools - INFO - find_json_value: steps into json/input_values.json is 1000.0
2024-07-11 10:17:33,581 - tools - INFO - find_json_value: anglr_ into json/input_values.json is 30.0
2024-07-11 10:17:33,582 - tools - INFO - find_json_value: base_h into json/input_values.json is 2.0
2024-07-11 10:17:33,583 - tools - INFO - find_json_value: total_h into json/input_values.json is 5.0
2024-07-11 10:17:33,583 - tools - INFO - find_json_value: selected_file into json/input_values.json is C:/Users/tomo0/OneDrive/ドキュメント/4年/プロット/deg30.csv
2024-07-11 10:17:34,822 - tools - INFO - find_json_value: steps into json/input_values.json is 1000.0
2024-07-11 10:17:34,822 - tools - INFO - find_json_value: anglr_ into json/input_values.json is 30.0
2024-07-11 10:17:34,827 - tools - INFO - find_json_value: base_h into json/input_values.json is 2.0
2024-07-11 10:17:34,827 - tools - INFO - find_json_value: total_h into json/input_values.json is 5.0
2024-07-11 10:17:34,827 - tools - INFO - find_json_value: selected_file into json/input_values.json is C:/Users/tomo0/OneDrive/ドキュメント/4年/プロット/deg30.csv
2024-07-11 10:17:34,827 - tools - INFO - find_json_value: anglr_ into json/input_values.json is 30.0
2024-07-11 10:17:56,273 - tools - INFO - find_json_value: steps into json/input_values.json is 1000.0
2024-07-11 10:17:56,273 - tools - INFO - find_json_value: anglr_ into json/input_values.json is 30.0
2024-07-11 10:17:56,273 - tools - INFO - find_json_value: base_h into json/input_values.json is 2.0
2024-07-11 10:17:56,277 - tools - INFO - find_json_value: total_h into json/input_values.json is 5.0
2024-07-11 10:17:56,277 - tools - INFO - find_json_value: selected_file into json/input_values.json is C:/Users/tomo0/OneDrive/ドキュメント/4年/プロット/deg30.csv
2024-07-11 10:17:56,292 - __main__ - INFO - show_selected_item==Generate_X_Rotate
2024-07-11 10:17:56,296 - tools - INFO - find_json_value: anglr_ into json/input_values.json is 30.0
2024-07-11 10:18:03,413 - tools - INFO - find_json_value: steps into json/input_values.json is 1000.0
2024-07-11 10:18:03,413 - tools - INFO - find_json_value: anglr_ into json/input_values.json is 30.0
2024-07-11 10:18:03,413 - tools - INFO - find_json_value: base_h into json/input_values.json is 2.0
2024-07-11 10:18:03,417 - tools - INFO - find_json_value: total_h into json/input_values.json is 5.0
2024-07-11 10:18:03,417 - tools - INFO - find_json_value: selected_file into json/input_values.json is C:/Users/tomo0/OneDrive/ドキュメント/4年/プロット/deg30.csv
2024-07-11 10:18:03,437 - tools - INFO - find_json_value: anglr_ into json/input_values.json is 30.0
2024-07-11 10:35:34,604 - tools - INFO - find_json_value: reso into json/input_values.json is None
2024-07-11 10:35:34,607 - tools - INFO - find_json_value: anglr_ into json/input_values.json is 30.0
2024-07-11 10:35:34,609 - tools - INFO - find_json_value: steps into json/input_values.json is 1000.0
2024-07-11 10:35:34,611 - tools - INFO - find_json_value: coil_radius into json/input_values.json is coil_radius
2024-07-11 10:35:34,613 - tools - INFO - find_json_value: base_h into json/input_values.json is 2.0
2024-07-11 10:35:34,614 - tools - INFO - find_json_value: total_h into json/input_values.json is 5.0
2024-07-11 10:58:26,184 - tools - INFO - find_json_value: reso into json/input_values.json is None
2024-07-11 10:58:26,186 - tools - INFO - find_json_value: anglr_ into json/input_values.json is 30.0
2024-07-11 10:58:26,187 - tools - INFO - find_json_value: steps into json/input_values.json is 1000.0
2024-07-11 10:58:26,189 - tools - INFO - find_json_value: coil_radius into json/input_values.json is coil_radius
2024-07-11 10:58:26,192 - tools - INFO - find_json_value: base_h into json/input_values.json is 2.0
2024-07-11 10:58:26,193 - tools - INFO - find_json_value: total_h into json/input_values.json is 5.0
