2024-11-22 13:23:09,565 - tools - INFO - find_json_value: reso into json/input_values.json is 0.005
2024-11-22 13:23:09,567 - tools - INFO - find_json_value: anglr_ into json/input_values.json is 60.0
2024-11-22 13:23:09,568 - tools - INFO - find_json_value: steps into json/input_values.json is 500.0
2024-11-22 13:23:09,569 - tools - INFO - find_json_value: coil_radius into json/input_values.json is None
2024-11-22 13:23:09,570 - tools - INFO - find_json_value: base_h into json/input_values.json is 2.0
2024-11-22 13:23:09,571 - tools - INFO - find_json_value: total_h into json/input_values.json is 5.0
2024-11-22 13:23:29,368 - tools - INFO - {'anglr_': 60.0, 'steps': 450.0, 'base_h': 2.0, 'total_h': 5.0, 'reso': 0.005} is saved in json/input_values.json as JSON successfully.
2024-11-22 13:23:29,368 - tools - INFO - Key=steps,And Value=450.0 is updated into json/input_values.json
2024-11-22 13:23:32,453 - tools - INFO - find_json_value: steps into json/input_values.json is 450.0
2024-11-22 13:23:32,454 - tools - INFO - find_json_value: anglr_ into json/input_values.json is 60.0
2024-11-22 13:23:32,454 - tools - INFO - find_json_value: base_h into json/input_values.json is 2.0
2024-11-22 13:23:32,454 - tools - INFO - find_json_value: total_h into json/input_values.json is 5.0
2024-11-22 13:23:32,454 - tools - INFO - find_json_value: selected_file into json/input_values.json is None
2024-11-22 13:23:32,460 - tools - INFO - find_json_value: anglr_ into json/input_values.json is 60.0
2024-11-22 13:23:36,469 - tools - INFO - find_json_value: steps into json/input_values.json is 450.0
2024-11-22 13:23:36,469 - tools - INFO - find_json_value: anglr_ into json/input_values.json is 60.0
2024-11-22 13:23:36,469 - tools - INFO - find_json_value: base_h into json/input_values.json is 2.0
2024-11-22 13:23:36,470 - tools - INFO - find_json_value: total_h into json/input_values.json is 5.0
2024-11-22 13:23:36,470 - tools - INFO - find_json_value: selected_file into json/input_values.json is None
2024-11-22 13:35:21,762 - tools - INFO - find_json_value: reso into json/input_values.json is 0.005
2024-11-22 13:35:21,763 - tools - INFO - find_json_value: anglr_ into json/input_values.json is 60.0
2024-11-22 13:35:21,764 - tools - INFO - find_json_value: steps into json/input_values.json is 450.0
2024-11-22 13:35:21,764 - tools - INFO - find_json_value: coil_radius into json/input_values.json is None
2024-11-22 13:35:21,764 - tools - INFO - find_json_value: base_h into json/input_values.json is 2.0
2024-11-22 13:35:21,765 - tools - INFO - find_json_value: total_h into json/input_values.json is 5.0
2024-11-22 13:35:36,899 - tools - INFO - {'anglr_': 60.0, 'steps': 400.0, 'base_h': 2.0, 'total_h': 5.0, 'reso': 0.005} is saved in json/input_values.json as JSON successfully.
2024-11-22 13:35:36,900 - tools - INFO - Key=steps,And Value=400.0 is updated into json/input_values.json
2024-11-22 13:35:38,344 - tools - INFO - find_json_value: steps into json/input_values.json is 400.0
2024-11-22 13:35:38,344 - tools - INFO - find_json_value: anglr_ into json/input_values.json is 60.0
2024-11-22 13:35:38,344 - tools - INFO - find_json_value: base_h into json/input_values.json is 2.0
2024-11-22 13:35:38,344 - tools - INFO - find_json_value: total_h into json/input_values.json is 5.0
2024-11-22 13:35:38,344 - tools - INFO - find_json_value: selected_file into json/input_values.json is None
2024-11-22 13:35:38,349 - tools - INFO - find_json_value: anglr_ into json/input_values.json is 60.0
2024-11-22 13:35:42,026 - tools - INFO - find_json_value: steps into json/input_values.json is 400.0
2024-11-22 13:35:42,026 - tools - INFO - find_json_value: anglr_ into json/input_values.json is 60.0
2024-11-22 13:35:42,026 - tools - INFO - find_json_value: base_h into json/input_values.json is 2.0
2024-11-22 13:35:42,026 - tools - INFO - find_json_value: total_h into json/input_values.json is 5.0
2024-11-22 13:35:42,027 - tools - INFO - find_json_value: selected_file into json/input_values.json is None
2024-11-22 13:39:26,922 - tools - INFO - find_json_value: reso into json/input_values.json is 0.005
2024-11-22 13:39:26,923 - tools - INFO - find_json_value: anglr_ into json/input_values.json is 60.0
2024-11-22 13:39:26,923 - tools - INFO - find_json_value: steps into json/input_values.json is 400.0
2024-11-22 13:39:26,924 - tools - INFO - find_json_value: coil_radius into json/input_values.json is None
2024-11-22 13:39:26,924 - tools - INFO - find_json_value: base_h into json/input_values.json is 2.0
2024-11-22 13:39:26,925 - tools - INFO - find_json_value: total_h into json/input_values.json is 5.0
2024-11-22 13:39:32,145 - tools - INFO - {'anglr_': 60.0, 'steps': 500.0, 'base_h': 2.0, 'total_h': 5.0, 'reso': 0.005} is saved in json/input_values.json as JSON successfully.
2024-11-22 13:39:32,145 - tools - INFO - Key=steps,And Value=500.0 is updated into json/input_values.json
2024-11-22 13:39:32,820 - tools - INFO - find_json_value: steps into json/input_values.json is 500.0
2024-11-22 13:39:32,821 - tools - INFO - find_json_value: anglr_ into json/input_values.json is 60.0
2024-11-22 13:39:32,821 - tools - INFO - find_json_value: base_h into json/input_values.json is 2.0
2024-11-22 13:39:32,821 - tools - INFO - find_json_value: total_h into json/input_values.json is 5.0
2024-11-22 13:39:32,821 - tools - INFO - find_json_value: selected_file into json/input_values.json is None
2024-11-22 13:39:32,824 - tools - INFO - find_json_value: anglr_ into json/input_values.json is 60.0
2024-11-22 13:39:35,857 - tools - INFO - find_json_value: steps into json/input_values.json is 500.0
2024-11-22 13:39:35,857 - tools - INFO - find_json_value: anglr_ into json/input_values.json is 60.0
2024-11-22 13:39:35,858 - tools - INFO - find_json_value: base_h into json/input_values.json is 2.0
2024-11-22 13:39:35,858 - tools - INFO - find_json_value: total_h into json/input_values.json is 5.0
2024-11-22 13:39:35,858 - tools - INFO - find_json_value: selected_file into json/input_values.json is None
2024-11-22 13:52:17,130 - tools - INFO - find_json_value: reso into json/input_values.json is 0.005
2024-11-22 13:52:17,131 - tools - INFO - find_json_value: anglr_ into json/input_values.json is 60.0
2024-11-22 13:52:17,131 - tools - INFO - find_json_value: steps into json/input_values.json is 500.0
2024-11-22 13:52:17,132 - tools - INFO - find_json_value: coil_radius into json/input_values.json is None
2024-11-22 13:52:17,132 - tools - INFO - find_json_value: base_h into json/input_values.json is 2.0
2024-11-22 13:52:17,133 - tools - INFO - find_json_value: total_h into json/input_values.json is 5.0
2024-11-22 13:52:24,439 - tools - INFO - find_json_value: steps into json/input_values.json is 500.0
2024-11-22 13:52:24,439 - tools - INFO - find_json_value: anglr_ into json/input_values.json is 60.0
2024-11-22 13:52:24,440 - tools - INFO - find_json_value: base_h into json/input_values.json is 2.0
2024-11-22 13:52:24,440 - tools - INFO - find_json_value: total_h into json/input_values.json is 5.0
2024-11-22 13:52:24,440 - tools - INFO - find_json_value: selected_file into json/input_values.json is None
2024-11-22 13:52:24,447 - tools - INFO - find_json_value: anglr_ into json/input_values.json is 60.0
2024-11-22 13:52:27,766 - tools - INFO - {'anglr_': 60.0, 'steps': 450.0, 'base_h': 2.0, 'total_h': 5.0, 'reso': 0.005} is saved in json/input_values.json as JSON successfully.
2024-11-22 13:52:27,767 - tools - INFO - Key=steps,And Value=450.0 is updated into json/input_values.json
2024-11-22 13:52:28,900 - tools - INFO - find_json_value: steps into json/input_values.json is 450.0
2024-11-22 13:52:28,900 - tools - INFO - find_json_value: anglr_ into json/input_values.json is 60.0
2024-11-22 13:52:28,900 - tools - INFO - find_json_value: base_h into json/input_values.json is 2.0
2024-11-22 13:52:28,900 - tools - INFO - find_json_value: total_h into json/input_values.json is 5.0
2024-11-22 13:52:28,900 - tools - INFO - find_json_value: selected_file into json/input_values.json is None
2024-11-22 13:52:28,903 - tools - INFO - find_json_value: anglr_ into json/input_values.json is 60.0
2024-11-22 13:52:31,613 - tools - INFO - find_json_value: steps into json/input_values.json is 450.0
2024-11-22 13:52:31,614 - tools - INFO - find_json_value: anglr_ into json/input_values.json is 60.0
2024-11-22 13:52:31,614 - tools - INFO - find_json_value: base_h into json/input_values.json is 2.0
2024-11-22 13:52:31,614 - tools - INFO - find_json_value: total_h into json/input_values.json is 5.0
2024-11-22 13:52:31,615 - tools - INFO - find_json_value: selected_file into json/input_values.json is None
2024-11-22 14:02:13,729 - tools - INFO - find_json_value: reso into json/input_values.json is 0.005
2024-11-22 14:02:13,730 - tools - INFO - find_json_value: anglr_ into json/input_values.json is 60.0
2024-11-22 14:02:13,731 - tools - INFO - find_json_value: steps into json/input_values.json is 450.0
2024-11-22 14:02:13,731 - tools - INFO - find_json_value: coil_radius into json/input_values.json is None
2024-11-22 14:02:13,732 - tools - INFO - find_json_value: base_h into json/input_values.json is 2.0
2024-11-22 14:02:13,732 - tools - INFO - find_json_value: total_h into json/input_values.json is 5.0
2024-11-22 14:02:21,978 - tools - INFO - {'anglr_': 60.0, 'steps': 400.0, 'base_h': 2.0, 'total_h': 5.0, 'reso': 0.005} is saved in json/input_values.json as JSON successfully.
2024-11-22 14:02:21,978 - tools - INFO - Key=steps,And Value=400.0 is updated into json/input_values.json
2024-11-22 14:02:22,814 - tools - INFO - find_json_value: steps into json/input_values.json is 400.0
2024-11-22 14:02:22,814 - tools - INFO - find_json_value: anglr_ into json/input_values.json is 60.0
2024-11-22 14:02:22,814 - tools - INFO - find_json_value: base_h into json/input_values.json is 2.0
2024-11-22 14:02:22,814 - tools - INFO - find_json_value: total_h into json/input_values.json is 5.0
2024-11-22 14:02:22,814 - tools - INFO - find_json_value: selected_file into json/input_values.json is None
2024-11-22 14:02:22,816 - tools - INFO - find_json_value: anglr_ into json/input_values.json is 60.0
2024-11-22 14:02:26,856 - tools - INFO - find_json_value: steps into json/input_values.json is 400.0
2024-11-22 14:02:26,857 - tools - INFO - find_json_value: anglr_ into json/input_values.json is 60.0
2024-11-22 14:02:26,857 - tools - INFO - find_json_value: base_h into json/input_values.json is 2.0
2024-11-22 14:02:26,857 - tools - INFO - find_json_value: total_h into json/input_values.json is 5.0
2024-11-22 14:02:26,857 - tools - INFO - find_json_value: selected_file into json/input_values.json is None
2024-11-22 14:08:38,613 - tools - INFO - find_json_value: reso into json/input_values.json is 0.005
2024-11-22 14:08:38,614 - tools - INFO - find_json_value: anglr_ into json/input_values.json is 60.0
2024-11-22 14:08:38,614 - tools - INFO - find_json_value: steps into json/input_values.json is 400.0
2024-11-22 14:08:38,615 - tools - INFO - find_json_value: coil_radius into json/input_values.json is None
2024-11-22 14:08:38,615 - tools - INFO - find_json_value: base_h into json/input_values.json is 2.0
2024-11-22 14:08:38,616 - tools - INFO - find_json_value: total_h into json/input_values.json is 5.0
2024-11-22 14:08:43,448 - tools - INFO - {'anglr_': 30.0, 'steps': 400.0, 'base_h': 2.0, 'total_h': 5.0, 'reso': 0.005} is saved in json/input_values.json as JSON successfully.
2024-11-22 14:08:43,448 - tools - INFO - Key=anglr_,And Value=30.0 is updated into json/input_values.json
2024-11-22 14:08:44,098 - tools - INFO - find_json_value: steps into json/input_values.json is 400.0
2024-11-22 14:08:44,099 - tools - INFO - find_json_value: anglr_ into json/input_values.json is 30.0
2024-11-22 14:08:44,099 - tools - INFO - find_json_value: base_h into json/input_values.json is 2.0
2024-11-22 14:08:44,099 - tools - INFO - find_json_value: total_h into json/input_values.json is 5.0
2024-11-22 14:08:44,099 - tools - INFO - find_json_value: selected_file into json/input_values.json is None
2024-11-22 14:08:44,104 - tools - INFO - find_json_value: anglr_ into json/input_values.json is 30.0
2024-11-22 14:08:47,648 - tools - INFO - find_json_value: steps into json/input_values.json is 400.0
2024-11-22 14:08:47,648 - tools - INFO - find_json_value: anglr_ into json/input_values.json is 30.0
2024-11-22 14:08:47,649 - tools - INFO - find_json_value: base_h into json/input_values.json is 2.0
2024-11-22 14:08:47,649 - tools - INFO - find_json_value: total_h into json/input_values.json is 5.0
2024-11-22 14:08:47,649 - tools - INFO - find_json_value: selected_file into json/input_values.json is None
2024-11-22 14:14:27,251 - tools - INFO - find_json_value: reso into json/input_values.json is 0.005
2024-11-22 14:14:27,252 - tools - INFO - find_json_value: anglr_ into json/input_values.json is 30.0
2024-11-22 14:14:27,252 - tools - INFO - find_json_value: steps into json/input_values.json is 400.0
2024-11-22 14:14:27,253 - tools - INFO - find_json_value: coil_radius into json/input_values.json is None
2024-11-22 14:14:27,254 - tools - INFO - find_json_value: base_h into json/input_values.json is 2.0
2024-11-22 14:14:27,254 - tools - INFO - find_json_value: total_h into json/input_values.json is 5.0
2024-11-22 14:14:33,791 - tools - INFO - {'anglr_': 45.0, 'steps': 400.0, 'base_h': 2.0, 'total_h': 5.0, 'reso': 0.005} is saved in json/input_values.json as JSON successfully.
2024-11-22 14:14:33,791 - tools - INFO - Key=anglr_,And Value=45.0 is updated into json/input_values.json
2024-11-22 14:14:34,948 - tools - INFO - find_json_value: steps into json/input_values.json is 400.0
2024-11-22 14:14:34,948 - tools - INFO - find_json_value: anglr_ into json/input_values.json is 45.0
2024-11-22 14:14:34,949 - tools - INFO - find_json_value: base_h into json/input_values.json is 2.0
2024-11-22 14:14:34,949 - tools - INFO - find_json_value: total_h into json/input_values.json is 5.0
2024-11-22 14:14:34,949 - tools - INFO - find_json_value: selected_file into json/input_values.json is None
2024-11-22 14:14:34,953 - tools - INFO - find_json_value: anglr_ into json/input_values.json is 45.0
2024-11-22 14:14:38,678 - tools - INFO - find_json_value: steps into json/input_values.json is 400.0
2024-11-22 14:14:38,678 - tools - INFO - find_json_value: anglr_ into json/input_values.json is 45.0
2024-11-22 14:14:38,679 - tools - INFO - find_json_value: base_h into json/input_values.json is 2.0
2024-11-22 14:14:38,679 - tools - INFO - find_json_value: total_h into json/input_values.json is 5.0
2024-11-22 14:14:38,679 - tools - INFO - find_json_value: selected_file into json/input_values.json is None
