2024-09-20 10:20:08,045 - tools - INFO - find_json_value: reso into json/input_values.json is None
2024-09-20 10:20:08,045 - tools - INFO - find_json_value: anglr_ into json/input_values.json is 0.0
2024-09-20 10:20:08,050 - tools - INFO - find_json_value: steps into json/input_values.json is 500.0
2024-09-20 10:20:08,055 - tools - INFO - find_json_value: coil_radius into json/input_values.json is coil_radius
2024-09-20 10:20:08,055 - tools - INFO - find_json_value: base_h into json/input_values.json is 2.0
2024-09-20 10:20:08,060 - tools - INFO - find_json_value: total_h into json/input_values.json is 5.0
2024-09-20 10:20:17,152 - tools - INFO - find_json_value: steps into json/input_values.json is 500.0
2024-09-20 10:20:17,152 - tools - INFO - find_json_value: anglr_ into json/input_values.json is 0.0
2024-09-20 10:20:17,152 - tools - INFO - find_json_value: base_h into json/input_values.json is 2.0
2024-09-20 10:20:17,152 - tools - INFO - find_json_value: total_h into json/input_values.json is 5.0
2024-09-20 10:20:17,152 - tools - INFO - find_json_value: selected_file into json/input_values.json is C:/Users/tomo0/OneDrive/ドキュメント/4年/プロット/deg30.csv
2024-09-20 10:20:17,162 - __main__ - INFO - show_selected_item==Generate_X_Rotate
2024-09-20 10:20:17,162 - tools - INFO - find_json_value: anglr_ into json/input_values.json is 0.0
2024-09-20 10:20:30,991 - tools - INFO - {'anglr_': 60.0, 'steps': 500.0, 'base_h': 2.0, 'total_h': 5.0, 'coil_radius': 'coil_radius', 'selected_file': 'C:/Users/tomo0/OneDrive/ドキュメント/4年/プロット/deg30.csv'} is saved in json/input_values.json as JSON successfully.
2024-09-20 10:20:30,991 - tools - INFO - Key=anglr_,And Value=60.0 is updated into json/input_values.json
2024-09-20 10:20:32,247 - tools - INFO - find_json_value: steps into json/input_values.json is 500.0
2024-09-20 10:20:32,247 - tools - INFO - find_json_value: anglr_ into json/input_values.json is 60.0
2024-09-20 10:20:32,252 - tools - INFO - find_json_value: base_h into json/input_values.json is 2.0
2024-09-20 10:20:32,252 - tools - INFO - find_json_value: total_h into json/input_values.json is 5.0
2024-09-20 10:20:32,252 - tools - INFO - find_json_value: selected_file into json/input_values.json is C:/Users/tomo0/OneDrive/ドキュメント/4年/プロット/deg30.csv
2024-09-20 10:20:32,257 - __main__ - INFO - show_selected_item==Generate_X_Rotate
2024-09-20 10:20:32,257 - tools - INFO - find_json_value: anglr_ into json/input_values.json is 60.0
2024-09-20 10:20:44,432 - tools - INFO - find_json_value: steps into json/input_values.json is 500.0
2024-09-20 10:20:44,437 - tools - INFO - find_json_value: anglr_ into json/input_values.json is 60.0
2024-09-20 10:20:44,437 - tools - INFO - find_json_value: base_h into json/input_values.json is 2.0
2024-09-20 10:20:44,437 - tools - INFO - find_json_value: total_h into json/input_values.json is 5.0
2024-09-20 10:20:44,437 - tools - INFO - find_json_value: selected_file into json/input_values.json is C:/Users/tomo0/OneDrive/ドキュメント/4年/プロット/deg30.csv
2024-09-20 10:20:47,051 - tools - INFO - find_json_value: reso into json/input_values.json is None
2024-09-20 10:20:47,056 - tools - INFO - find_json_value: anglr_ into json/input_values.json is 60.0
2024-09-20 10:20:47,056 - tools - INFO - find_json_value: steps into json/input_values.json is 500.0
2024-09-20 10:20:47,056 - tools - INFO - find_json_value: coil_radius into json/input_values.json is coil_radius
2024-09-20 10:20:47,061 - tools - INFO - find_json_value: base_h into json/input_values.json is 2.0
2024-09-20 10:20:47,061 - tools - INFO - find_json_value: total_h into json/input_values.json is 5.0
