2024-06-20 08:01:57,954 - tools - INFO - [] is saved in json/input_btn_list.json as JSON successfully.
2024-06-20 08:01:57,955 - tools - INFO - {'Resolution': 'reso', 'Angle': 'anglr_', 'Total_Steps': 'steps', 'Coil_radius': 'coil_radius', 'Base_height': 'base_h', 'Total_height': 'total_h'} is saved in json/input_btn_list.json as JSON successfully.
2024-06-20 08:01:57,967 - tools - INFO - [] is saved in json/input_values.json as JSON successfully.
2024-06-20 08:01:57,968 - tools - ERROR - Error: JSON data is not a dictionary.
2024-06-20 08:01:57,969 - tools - ERROR - Error: JSON data is not a dictionary.
2024-06-20 08:01:57,980 - tools - ERROR - Error: JSON data is not a dictionary.
2024-06-20 08:01:57,981 - tools - ERROR - Error: JSON data is not a dictionary.
2024-06-20 08:01:57,981 - tools - ERROR - Error: JSON data is not a dictionary.
2024-06-20 08:01:57,982 - tools - ERROR - Error: JSON data is not a dictionary.
2024-06-20 08:02:06,970 - tools - ERROR - Error: JSON data is not a dictionary.
2024-06-20 08:02:06,971 - tools - ERROR - Error: JSON data is not a dictionary.
2024-06-20 08:02:06,971 - tools - ERROR - Error: JSON data is not a dictionary.
2024-06-20 08:02:06,972 - tools - ERROR - Error: JSON data is not a dictionary.
2024-06-20 08:02:06,972 - tools - ERROR - Error: JSON data is not a dictionary.
2024-06-20 08:02:06,974 - tools - INFO - {'steps': 100} is saved in json/input_values.json as JSON successfully.
2024-06-20 08:02:06,974 - tools - INFO - Key=steps,And Value=100 is updated into json/input_values.json
2024-06-20 08:02:06,991 - tools - INFO - {'steps': 100, 'anglr_': 0} is saved in json/input_values.json as JSON successfully.
2024-06-20 08:02:06,991 - tools - INFO - Key=anglr_,And Value=0 is updated into json/input_values.json
2024-06-20 08:02:07,005 - tools - INFO - {'steps': 100, 'anglr_': 0, 'base_h': 1} is saved in json/input_values.json as JSON successfully.
2024-06-20 08:02:07,005 - tools - INFO - Key=base_h,And Value=1 is updated into json/input_values.json
2024-06-20 08:02:15,484 - tools - INFO - {'steps': 100, 'anglr_': 0, 'base_h': 1} is saved in json/input_values.json as JSON successfully.
2024-06-20 08:02:15,484 - tools - INFO - Key=anglr_,And Value=0 is updated into json/input_values.json
2024-06-20 08:02:27,927 - tools - INFO - {'steps': 900, 'anglr_': 0, 'base_h': 1} is saved in json/input_values.json as JSON successfully.
2024-06-20 08:02:27,927 - tools - INFO - Key=steps,And Value=900 is updated into json/input_values.json
2024-06-20 08:02:29,733 - tools - INFO - {'steps': 900, 'anglr_': 0, 'base_h': 1} is saved in json/input_values.json as JSON successfully.
2024-06-20 08:02:29,734 - tools - INFO - Key=base_h,And Value=1 is updated into json/input_values.json
2024-06-20 08:02:43,587 - tools - INFO - {'steps': 900, 'anglr_': 0, 'base_h': 1, 'total_h': 2} is saved in json/input_values.json as JSON successfully.
2024-06-20 08:02:43,587 - tools - INFO - Key=total_h,And Value=2 is updated into json/input_values.json
2024-06-20 08:02:45,376 - tools - INFO - find_json_value: steps into json/input_values.json is 900
2024-06-20 08:02:45,376 - tools - INFO - find_json_value: anglr_ into json/input_values.json is 0
2024-06-20 08:02:45,377 - tools - INFO - find_json_value: base_h into json/input_values.json is 1
2024-06-20 08:02:45,378 - tools - INFO - find_json_value: total_h into json/input_values.json is 2
2024-06-20 08:02:45,378 - tools - INFO - find_json_value: selected_file into json/input_values.json is None
2024-06-20 08:02:45,398 - __main__ - INFO - show_selected_item==Generate_X_Rotate
2024-06-20 08:02:45,398 - tools - INFO - find_json_value: anglr_ into json/input_values.json is 0
2024-06-20 08:03:04,117 - tools - INFO - {'steps': 900, 'anglr_': 45, 'base_h': 1, 'total_h': 2} is saved in json/input_values.json as JSON successfully.
2024-06-20 08:03:04,117 - tools - INFO - Key=anglr_,And Value=45 is updated into json/input_values.json
2024-06-20 08:03:05,404 - tools - INFO - find_json_value: steps into json/input_values.json is 900
2024-06-20 08:03:05,405 - tools - INFO - find_json_value: anglr_ into json/input_values.json is 45
2024-06-20 08:03:05,406 - tools - INFO - find_json_value: base_h into json/input_values.json is 1
2024-06-20 08:03:05,407 - tools - INFO - find_json_value: total_h into json/input_values.json is 2
2024-06-20 08:03:05,407 - tools - INFO - find_json_value: selected_file into json/input_values.json is None
2024-06-20 08:03:05,428 - __main__ - INFO - show_selected_item==Generate_X_Rotate
2024-06-20 08:03:05,428 - tools - INFO - find_json_value: anglr_ into json/input_values.json is 45
2024-06-20 08:08:38,144 - tools - INFO - find_json_value: reso into json/input_values.json is None
2024-06-20 08:08:38,145 - tools - INFO - find_json_value: anglr_ into json/input_values.json is 45
2024-06-20 08:08:38,145 - tools - INFO - find_json_value: steps into json/input_values.json is 900
2024-06-20 08:08:38,146 - tools - INFO - find_json_value: coil_radius into json/input_values.json is None
2024-06-20 08:08:38,146 - tools - INFO - find_json_value: base_h into json/input_values.json is 1
2024-06-20 08:08:38,147 - tools - INFO - find_json_value: total_h into json/input_values.json is 2
2024-06-20 08:08:40,203 - tools - INFO - find_json_value: steps into json/input_values.json is 900
2024-06-20 08:08:40,204 - tools - INFO - find_json_value: anglr_ into json/input_values.json is 45
2024-06-20 08:08:40,204 - tools - INFO - find_json_value: base_h into json/input_values.json is 1
2024-06-20 08:08:40,204 - tools - INFO - find_json_value: total_h into json/input_values.json is 2
2024-06-20 08:08:40,205 - tools - INFO - find_json_value: selected_file into json/input_values.json is None
2024-06-20 08:08:40,224 - __main__ - INFO - show_selected_item==Generate_X_Rotate
2024-06-20 08:08:40,225 - tools - INFO - find_json_value: anglr_ into json/input_values.json is 45
2024-06-20 08:11:26,174 - tools - INFO - find_json_value: reso into json/input_values.json is None
2024-06-20 08:11:26,175 - tools - INFO - find_json_value: anglr_ into json/input_values.json is 45
2024-06-20 08:11:26,175 - tools - INFO - find_json_value: steps into json/input_values.json is 900
2024-06-20 08:11:26,176 - tools - INFO - find_json_value: coil_radius into json/input_values.json is None
2024-06-20 08:11:26,176 - tools - INFO - find_json_value: base_h into json/input_values.json is 1
2024-06-20 08:11:26,177 - tools - INFO - find_json_value: total_h into json/input_values.json is 2
2024-06-20 08:11:27,931 - tools - INFO - find_json_value: steps into json/input_values.json is 900
2024-06-20 08:11:27,932 - tools - INFO - find_json_value: anglr_ into json/input_values.json is 45
2024-06-20 08:11:27,932 - tools - INFO - find_json_value: base_h into json/input_values.json is 1
2024-06-20 08:11:27,933 - tools - INFO - find_json_value: total_h into json/input_values.json is 2
2024-06-20 08:11:27,933 - tools - INFO - find_json_value: selected_file into json/input_values.json is None
2024-06-20 08:11:27,954 - __main__ - INFO - show_selected_item==Generate_X_Rotate
2024-06-20 08:11:27,955 - tools - INFO - find_json_value: anglr_ into json/input_values.json is 45
2024-06-20 08:14:50,770 - tools - INFO - find_json_value: reso into json/input_values.json is None
2024-06-20 08:14:50,771 - tools - INFO - find_json_value: anglr_ into json/input_values.json is 45
2024-06-20 08:14:50,772 - tools - INFO - find_json_value: steps into json/input_values.json is 900
2024-06-20 08:14:50,773 - tools - INFO - find_json_value: coil_radius into json/input_values.json is None
2024-06-20 08:14:50,773 - tools - INFO - find_json_value: base_h into json/input_values.json is 1
2024-06-20 08:14:50,774 - tools - INFO - find_json_value: total_h into json/input_values.json is 2
2024-06-20 08:14:53,150 - tools - INFO - find_json_value: steps into json/input_values.json is 900
2024-06-20 08:14:53,151 - tools - INFO - find_json_value: anglr_ into json/input_values.json is 45
2024-06-20 08:14:53,152 - tools - INFO - find_json_value: base_h into json/input_values.json is 1
2024-06-20 08:14:53,152 - tools - INFO - find_json_value: total_h into json/input_values.json is 2
2024-06-20 08:14:53,153 - tools - INFO - find_json_value: selected_file into json/input_values.json is None
2024-06-20 08:14:53,174 - __main__ - INFO - show_selected_item==Generate_X_Rotate
2024-06-20 08:14:53,174 - tools - INFO - find_json_value: anglr_ into json/input_values.json is 45
2024-06-20 08:16:20,656 - tools - INFO - find_json_value: reso into json/input_values.json is None
2024-06-20 08:16:20,657 - tools - INFO - find_json_value: anglr_ into json/input_values.json is 45
2024-06-20 08:16:20,657 - tools - INFO - find_json_value: steps into json/input_values.json is 900
2024-06-20 08:16:20,658 - tools - INFO - find_json_value: coil_radius into json/input_values.json is None
2024-06-20 08:16:20,658 - tools - INFO - find_json_value: base_h into json/input_values.json is 1
2024-06-20 08:16:20,659 - tools - INFO - find_json_value: total_h into json/input_values.json is 2
2024-06-20 08:16:22,589 - tools - INFO - find_json_value: steps into json/input_values.json is 900
2024-06-20 08:16:22,590 - tools - INFO - find_json_value: anglr_ into json/input_values.json is 45
2024-06-20 08:16:22,590 - tools - INFO - find_json_value: base_h into json/input_values.json is 1
2024-06-20 08:16:22,591 - tools - INFO - find_json_value: total_h into json/input_values.json is 2
2024-06-20 08:16:22,591 - tools - INFO - find_json_value: selected_file into json/input_values.json is None
2024-06-20 08:16:22,611 - __main__ - INFO - show_selected_item==Generate_X_Rotate
2024-06-20 08:16:22,612 - tools - INFO - find_json_value: anglr_ into json/input_values.json is 45
2024-06-20 08:19:09,166 - tools - INFO - find_json_value: reso into json/input_values.json is None
2024-06-20 08:19:09,168 - tools - INFO - find_json_value: anglr_ into json/input_values.json is 45
2024-06-20 08:19:09,169 - tools - INFO - find_json_value: steps into json/input_values.json is 900
2024-06-20 08:19:09,170 - tools - INFO - find_json_value: coil_radius into json/input_values.json is None
2024-06-20 08:19:09,171 - tools - INFO - find_json_value: base_h into json/input_values.json is 1
2024-06-20 08:19:09,172 - tools - INFO - find_json_value: total_h into json/input_values.json is 2
2024-06-20 08:19:11,160 - tools - INFO - find_json_value: steps into json/input_values.json is 900
2024-06-20 08:19:11,161 - tools - INFO - find_json_value: anglr_ into json/input_values.json is 45
2024-06-20 08:19:11,162 - tools - INFO - find_json_value: base_h into json/input_values.json is 1
2024-06-20 08:19:11,162 - tools - INFO - find_json_value: total_h into json/input_values.json is 2
2024-06-20 08:19:11,162 - tools - INFO - find_json_value: selected_file into json/input_values.json is None
2024-06-20 08:19:11,182 - __main__ - INFO - show_selected_item==Generate_X_Rotate
2024-06-20 08:19:11,183 - tools - INFO - find_json_value: anglr_ into json/input_values.json is 45
2024-06-20 08:19:38,628 - tools - INFO - {'steps': 900, 'anglr_': 45, 'base_h': '1.5', 'total_h': 2} is saved in json/input_values.json as JSON successfully.
2024-06-20 08:19:38,628 - tools - INFO - Key=base_h,And Value=1.5 is updated into json/input_values.json
2024-06-20 08:19:40,601 - tools - INFO - find_json_value: steps into json/input_values.json is 900
2024-06-20 08:19:40,601 - tools - INFO - find_json_value: anglr_ into json/input_values.json is 45
2024-06-20 08:19:40,602 - tools - INFO - find_json_value: base_h into json/input_values.json is 1.5
2024-06-20 08:19:40,602 - tools - INFO - find_json_value: total_h into json/input_values.json is 2
2024-06-20 08:19:40,603 - tools - INFO - find_json_value: selected_file into json/input_values.json is None
2024-06-20 08:19:40,604 - tools - INFO - {'steps': 900, 'anglr_': 45, 'base_h': 1, 'total_h': 2} is saved in json/input_values.json as JSON successfully.
2024-06-20 08:19:40,604 - tools - INFO - Key=base_h,And Value=1 is updated into json/input_values.json
2024-06-20 08:19:40,623 - __main__ - INFO - show_selected_item==Generate_X_Rotate
2024-06-20 08:19:40,626 - tools - INFO - find_json_value: anglr_ into json/input_values.json is 45
2024-06-20 08:19:56,249 - tools - INFO - {'steps': 900, 'anglr_': 45, 'base_h': '1.5', 'total_h': 2} is saved in json/input_values.json as JSON successfully.
2024-06-20 08:19:56,249 - tools - INFO - Key=base_h,And Value=1.5 is updated into json/input_values.json
2024-06-20 08:19:57,721 - tools - INFO - find_json_value: steps into json/input_values.json is 900
2024-06-20 08:19:57,722 - tools - INFO - find_json_value: anglr_ into json/input_values.json is 45
2024-06-20 08:19:57,722 - tools - INFO - find_json_value: base_h into json/input_values.json is 1.5
2024-06-20 08:19:57,723 - tools - INFO - find_json_value: total_h into json/input_values.json is 2
2024-06-20 08:19:57,723 - tools - INFO - find_json_value: selected_file into json/input_values.json is None
2024-06-20 08:19:57,725 - tools - INFO - {'steps': 900, 'anglr_': 45, 'base_h': 1, 'total_h': 2} is saved in json/input_values.json as JSON successfully.
2024-06-20 08:19:57,725 - tools - INFO - Key=base_h,And Value=1 is updated into json/input_values.json
2024-06-20 08:19:57,746 - __main__ - INFO - show_selected_item==Generate_X_Rotate
2024-06-20 08:19:57,749 - tools - INFO - find_json_value: anglr_ into json/input_values.json is 45
2024-06-20 08:20:50,096 - tools - INFO - find_json_value: reso into json/input_values.json is None
2024-06-20 08:20:50,097 - tools - INFO - find_json_value: anglr_ into json/input_values.json is 45
2024-06-20 08:20:50,097 - tools - INFO - find_json_value: steps into json/input_values.json is 900
2024-06-20 08:20:50,098 - tools - INFO - find_json_value: coil_radius into json/input_values.json is None
2024-06-20 08:20:50,099 - tools - INFO - find_json_value: base_h into json/input_values.json is 1
2024-06-20 08:20:50,100 - tools - INFO - find_json_value: total_h into json/input_values.json is 2
2024-06-20 08:21:08,153 - tools - INFO - find_json_value: reso into json/input_values.json is None
2024-06-20 08:21:08,154 - tools - INFO - find_json_value: anglr_ into json/input_values.json is 45
2024-06-20 08:21:08,155 - tools - INFO - find_json_value: steps into json/input_values.json is 900
2024-06-20 08:21:08,157 - tools - INFO - find_json_value: coil_radius into json/input_values.json is None
2024-06-20 08:21:08,157 - tools - INFO - find_json_value: base_h into json/input_values.json is 1
2024-06-20 08:21:08,158 - tools - INFO - find_json_value: total_h into json/input_values.json is 2
2024-06-20 08:21:10,426 - tools - INFO - find_json_value: steps into json/input_values.json is 900
2024-06-20 08:21:10,426 - tools - INFO - find_json_value: anglr_ into json/input_values.json is 45
2024-06-20 08:21:10,427 - tools - INFO - find_json_value: base_h into json/input_values.json is 1
2024-06-20 08:21:10,427 - tools - INFO - find_json_value: total_h into json/input_values.json is 2
2024-06-20 08:21:10,428 - tools - INFO - find_json_value: selected_file into json/input_values.json is None
2024-06-20 08:21:10,453 - __main__ - INFO - show_selected_item==Generate_X_Rotate
2024-06-20 08:21:10,454 - tools - INFO - find_json_value: anglr_ into json/input_values.json is 45
2024-06-20 08:21:22,114 - tools - INFO - {'steps': 900, 'anglr_': 45, 'base_h': '1.5', 'total_h': 2} is saved in json/input_values.json as JSON successfully.
2024-06-20 08:21:22,115 - tools - INFO - Key=base_h,And Value=1.5 is updated into json/input_values.json
2024-06-20 08:21:26,290 - tools - INFO - find_json_value: steps into json/input_values.json is 900
2024-06-20 08:21:26,291 - tools - INFO - find_json_value: anglr_ into json/input_values.json is 45
2024-06-20 08:21:26,291 - tools - INFO - find_json_value: base_h into json/input_values.json is 1.5
2024-06-20 08:21:26,292 - tools - INFO - find_json_value: total_h into json/input_values.json is 2
2024-06-20 08:21:26,292 - tools - INFO - find_json_value: selected_file into json/input_values.json is None
2024-06-20 08:21:26,294 - tools - INFO - {'steps': 900, 'anglr_': 45, 'base_h': 1, 'total_h': 2} is saved in json/input_values.json as JSON successfully.
2024-06-20 08:21:26,294 - tools - INFO - Key=base_h,And Value=1 is updated into json/input_values.json
2024-06-20 08:24:55,778 - tools - INFO - find_json_value: reso into json/input_values.json is None
2024-06-20 08:24:55,779 - tools - INFO - find_json_value: anglr_ into json/input_values.json is 45
2024-06-20 08:24:55,779 - tools - INFO - find_json_value: steps into json/input_values.json is 900
2024-06-20 08:24:55,780 - tools - INFO - find_json_value: coil_radius into json/input_values.json is None
2024-06-20 08:24:55,780 - tools - INFO - find_json_value: base_h into json/input_values.json is 1
2024-06-20 08:24:55,781 - tools - INFO - find_json_value: total_h into json/input_values.json is 2
2024-06-20 08:25:01,826 - tools - INFO - {'steps': 900, 'anglr_': 45, 'base_h': '1.5', 'total_h': 2} is saved in json/input_values.json as JSON successfully.
2024-06-20 08:25:01,827 - tools - INFO - Key=base_h,And Value=1.5 is updated into json/input_values.json
2024-06-20 08:25:03,876 - tools - INFO - find_json_value: steps into json/input_values.json is 900
2024-06-20 08:25:03,877 - tools - INFO - find_json_value: anglr_ into json/input_values.json is 45
2024-06-20 08:25:03,878 - tools - INFO - find_json_value: base_h into json/input_values.json is 1.5
2024-06-20 08:25:03,878 - tools - INFO - find_json_value: total_h into json/input_values.json is 2
2024-06-20 08:25:03,878 - tools - INFO - find_json_value: selected_file into json/input_values.json is None
2024-06-20 08:25:03,880 - tools - INFO - {'steps': 900, 'anglr_': 45, 'base_h': 1, 'total_h': 2} is saved in json/input_values.json as JSON successfully.
2024-06-20 08:25:03,880 - tools - INFO - Key=base_h,And Value=1 is updated into json/input_values.json
2024-06-20 08:26:41,366 - tools - INFO - find_json_value: reso into json/input_values.json is None
2024-06-20 08:26:41,367 - tools - INFO - find_json_value: anglr_ into json/input_values.json is 45
2024-06-20 08:26:41,368 - tools - INFO - find_json_value: steps into json/input_values.json is 900
2024-06-20 08:26:41,368 - tools - INFO - find_json_value: coil_radius into json/input_values.json is None
2024-06-20 08:26:41,369 - tools - INFO - find_json_value: base_h into json/input_values.json is 1
2024-06-20 08:26:41,370 - tools - INFO - find_json_value: total_h into json/input_values.json is 2
2024-06-20 08:26:47,087 - tools - INFO - {'steps': 900, 'anglr_': 45, 'base_h': 1.5, 'total_h': 2} is saved in json/input_values.json as JSON successfully.
2024-06-20 08:26:47,087 - tools - INFO - Key=base_h,And Value=1.5 is updated into json/input_values.json
2024-06-20 08:26:49,249 - tools - INFO - find_json_value: steps into json/input_values.json is 900
2024-06-20 08:26:49,250 - tools - INFO - find_json_value: anglr_ into json/input_values.json is 45
2024-06-20 08:26:49,250 - tools - INFO - find_json_value: base_h into json/input_values.json is 1.5
2024-06-20 08:26:49,251 - tools - INFO - find_json_value: total_h into json/input_values.json is 2
2024-06-20 08:26:49,251 - tools - INFO - find_json_value: selected_file into json/input_values.json is None
2024-06-20 08:26:49,268 - __main__ - INFO - show_selected_item==Generate_X_Rotate
2024-06-20 08:26:49,269 - tools - INFO - find_json_value: anglr_ into json/input_values.json is 45
