2024-11-12 13:37:44,381 - tools - INFO - find_json_value: reso into json/input_values.json is 0.005
2024-11-12 13:37:44,382 - tools - INFO - find_json_value: anglr_ into json/input_values.json is 30.0
2024-11-12 13:37:44,383 - tools - INFO - find_json_value: steps into json/input_values.json is 500.0
2024-11-12 13:37:44,384 - tools - INFO - find_json_value: coil_radius into json/input_values.json is None
2024-11-12 13:37:44,386 - tools - INFO - find_json_value: base_h into json/input_values.json is 2.0
2024-11-12 13:37:44,386 - tools - INFO - find_json_value: total_h into json/input_values.json is 5.0
2024-11-12 13:38:06,286 - tools - INFO - {'anglr_': 45.0, 'steps': 500.0, 'base_h': 2.0, 'total_h': 5.0, 'reso': 0.005} is saved in json/input_values.json as JSON successfully.
2024-11-12 13:38:06,286 - tools - INFO - Key=anglr_,And Value=45.0 is updated into json/input_values.json
2024-11-12 13:38:09,726 - tools - INFO - find_json_value: steps into json/input_values.json is 500.0
2024-11-12 13:38:09,726 - tools - INFO - find_json_value: anglr_ into json/input_values.json is 45.0
2024-11-12 13:38:09,726 - tools - INFO - find_json_value: base_h into json/input_values.json is 2.0
2024-11-12 13:38:09,727 - tools - INFO - find_json_value: total_h into json/input_values.json is 5.0
2024-11-12 13:38:09,727 - tools - INFO - find_json_value: selected_file into json/input_values.json is None
2024-11-12 13:38:09,733 - __main__ - INFO - show_selected_item==Generate_X_Rotate
2024-11-12 13:38:09,735 - tools - INFO - find_json_value: anglr_ into json/input_values.json is 45.0
2024-11-12 13:38:30,614 - tools - INFO - find_json_value: steps into json/input_values.json is 500.0
2024-11-12 13:38:30,614 - tools - INFO - find_json_value: anglr_ into json/input_values.json is 45.0
2024-11-12 13:38:30,615 - tools - INFO - find_json_value: base_h into json/input_values.json is 2.0
2024-11-12 13:38:30,615 - tools - INFO - find_json_value: total_h into json/input_values.json is 5.0
2024-11-12 13:38:30,615 - tools - INFO - find_json_value: selected_file into json/input_values.json is None
2024-11-12 13:38:30,622 - tools - INFO - find_json_value: anglr_ into json/input_values.json is 45.0
2024-11-12 13:38:48,294 - tools - INFO - find_json_value: steps into json/input_values.json is 500.0
2024-11-12 13:38:48,295 - tools - INFO - find_json_value: anglr_ into json/input_values.json is 45.0
2024-11-12 13:38:48,295 - tools - INFO - find_json_value: base_h into json/input_values.json is 2.0
2024-11-12 13:38:48,296 - tools - INFO - find_json_value: total_h into json/input_values.json is 5.0
2024-11-12 13:38:48,296 - tools - INFO - find_json_value: selected_file into json/input_values.json is None
2024-11-12 13:38:48,303 - tools - INFO - find_json_value: anglr_ into json/input_values.json is 45.0
2024-11-12 13:39:30,592 - tools - INFO - find_json_value: steps into json/input_values.json is 500.0
2024-11-12 13:39:30,592 - tools - INFO - find_json_value: anglr_ into json/input_values.json is 45.0
2024-11-12 13:39:30,592 - tools - INFO - find_json_value: base_h into json/input_values.json is 2.0
2024-11-12 13:39:30,592 - tools - INFO - find_json_value: total_h into json/input_values.json is 5.0
2024-11-12 13:39:30,593 - tools - INFO - find_json_value: selected_file into json/input_values.json is None
2024-11-12 13:39:30,598 - tools - INFO - find_json_value: anglr_ into json/input_values.json is 45.0
2024-11-12 13:39:37,438 - tools - INFO - find_json_value: steps into json/input_values.json is 500.0
2024-11-12 13:39:37,438 - tools - INFO - find_json_value: anglr_ into json/input_values.json is 45.0
2024-11-12 13:39:37,439 - tools - INFO - find_json_value: base_h into json/input_values.json is 2.0
2024-11-12 13:39:37,439 - tools - INFO - find_json_value: total_h into json/input_values.json is 5.0
2024-11-12 13:39:37,440 - tools - INFO - find_json_value: selected_file into json/input_values.json is None
2024-11-12 13:48:21,501 - tools - INFO - find_json_value: reso into json/input_values.json is 0.005
2024-11-12 13:48:21,502 - tools - INFO - find_json_value: anglr_ into json/input_values.json is 45.0
2024-11-12 13:48:21,503 - tools - INFO - find_json_value: steps into json/input_values.json is 500.0
2024-11-12 13:48:21,503 - tools - INFO - find_json_value: coil_radius into json/input_values.json is None
2024-11-12 13:48:21,503 - tools - INFO - find_json_value: base_h into json/input_values.json is 2.0
2024-11-12 13:48:21,504 - tools - INFO - find_json_value: total_h into json/input_values.json is 5.0
2024-11-12 13:48:33,999 - tools - INFO - {'anglr_': 60.0, 'steps': 500.0, 'base_h': 2.0, 'total_h': 5.0, 'reso': 0.005} is saved in json/input_values.json as JSON successfully.
2024-11-12 13:48:33,999 - tools - INFO - Key=anglr_,And Value=60.0 is updated into json/input_values.json
2024-11-12 13:48:34,701 - tools - INFO - find_json_value: steps into json/input_values.json is 500.0
2024-11-12 13:48:34,701 - tools - INFO - find_json_value: anglr_ into json/input_values.json is 60.0
2024-11-12 13:48:34,701 - tools - INFO - find_json_value: base_h into json/input_values.json is 2.0
2024-11-12 13:48:34,701 - tools - INFO - find_json_value: total_h into json/input_values.json is 5.0
2024-11-12 13:48:34,701 - tools - INFO - find_json_value: selected_file into json/input_values.json is None
2024-11-12 13:48:34,706 - tools - INFO - find_json_value: anglr_ into json/input_values.json is 60.0
2024-11-12 13:48:39,868 - tools - INFO - find_json_value: steps into json/input_values.json is 500.0
2024-11-12 13:48:39,868 - tools - INFO - find_json_value: anglr_ into json/input_values.json is 60.0
2024-11-12 13:48:39,869 - tools - INFO - find_json_value: base_h into json/input_values.json is 2.0
2024-11-12 13:48:39,869 - tools - INFO - find_json_value: total_h into json/input_values.json is 5.0
2024-11-12 13:48:39,869 - tools - INFO - find_json_value: selected_file into json/input_values.json is None
