2024-06-18 21:49:18,838 - tools - INFO - coding starting....
2024-06-18 21:49:18,838 - tools - INFO - coding starting....
2024-06-18 21:49:21,350 - tools - INFO - Choose csv file = is selected..
2024-06-18 21:49:21,350 - tools - INFO - Choose csv file = is selected..
2024-06-18 21:59:23,701 - tools - INFO - coding starting....
2024-06-18 21:59:23,701 - tools - INFO - coding starting....
2024-06-18 21:59:27,221 - tools - INFO - Choose csv file = is selected..
2024-06-18 21:59:27,221 - tools - INFO - Choose csv file = is selected..
2024-06-18 21:59:54,739 - tools - INFO - Key=selected_file,And Value=C:/Users/nares/Desktop/allout/240613/240607_104411.csv is updated into json/input_values.json
2024-06-18 21:59:54,739 - tools - INFO - Key=selected_file,And Value=C:/Users/nares/Desktop/allout/240613/240607_104411.csv is updated into json/input_values.json
2024-06-18 21:59:54,739 - tools - INFO - Key=selected_file,And Value=C:/Users/nares/Desktop/allout/240613/240607_104411.csv is updated into json/input_values.json
2024-06-18 22:03:38,946 - tools - INFO - coding starting....
2024-06-18 22:03:38,946 - tools - INFO - coding starting....
2024-06-18 22:03:44,525 - tools - INFO - Choose csv file = is selected..
2024-06-18 22:03:44,525 - tools - INFO - Choose csv file = is selected..
2024-06-18 22:03:53,770 - tools - INFO - Key=selected_file,And Value=C:/Users/nares/Desktop/allout/240613/240607_104411.csv is updated into json/input_values.json
2024-06-18 22:03:53,770 - tools - INFO - Key=selected_file,And Value=C:/Users/nares/Desktop/allout/240613/240607_104411.csv is updated into json/input_values.json
2024-06-18 22:03:53,770 - tools - INFO - Key=selected_file,And Value=C:/Users/nares/Desktop/allout/240613/240607_104411.csv is updated into json/input_values.json
2024-06-18 22:09:32,897 - tools - INFO - coding starting....
2024-06-18 22:09:32,897 - tools - INFO - coding starting....
2024-06-18 22:11:36,930 - tools - INFO - coding starting....
2024-06-18 22:11:36,930 - tools - INFO - coding starting....
2024-06-18 22:11:43,644 - tools - INFO - Plot2 = is selected..
2024-06-18 22:11:43,644 - tools - INFO - Plot2 = is selected..
2024-06-18 22:11:52,437 - tools - INFO - Plot3 = is selected..
2024-06-18 22:11:52,437 - tools - INFO - Plot3 = is selected..
2024-06-18 22:12:01,518 - tools - INFO - Spiral Graph 3D = is selected..
2024-06-18 22:12:01,518 - tools - INFO - Spiral Graph 3D = is selected..
2024-06-18 22:28:12,585 - tools - INFO - coding starting....
2024-06-18 22:28:12,585 - tools - INFO - coding starting....
2024-06-18 22:28:15,534 - tools - INFO - All = is selected..
2024-06-18 22:28:15,534 - tools - INFO - All = is selected..
2024-06-18 22:28:32,228 - tools - INFO - one_graph_all_param={file} is successfully plotted
2024-06-18 22:28:32,228 - tools - INFO - one_graph_all_param={file} is successfully plotted
2024-06-18 22:29:28,979 - tools - INFO - coding starting....
2024-06-18 22:29:28,979 - tools - INFO - coding starting....
2024-06-18 22:29:34,961 - tools - INFO - All = is selected..
2024-06-18 22:29:34,961 - tools - INFO - All = is selected..
2024-06-18 22:29:37,460 - tools - INFO - one_graph_all_param=C:/Users/nares/Desktop/allout/240613/240607_104411.csv is successfully plotted
2024-06-18 22:29:37,460 - tools - INFO - one_graph_all_param=C:/Users/nares/Desktop/allout/240613/240607_104411.csv is successfully plotted
2024-06-18 22:36:54,711 - tools - INFO - coding starting....
2024-06-18 22:36:54,711 - tools - INFO - coding starting....
2024-06-18 22:36:57,233 - tools - INFO - Plot2 = is selected..
2024-06-18 22:36:57,233 - tools - INFO - Plot2 = is selected..
2024-06-18 22:39:27,331 - tools - INFO - coding starting....
2024-06-18 22:39:27,331 - tools - INFO - coding starting....
2024-06-18 22:39:31,070 - tools - INFO - Plot2 = is selected..
2024-06-18 22:39:31,070 - tools - INFO - Plot2 = is selected..
